time,accx,accy,accz,action
17196,-0.08,-0.28,10.11,1
17233,0.1,-0.43,9.55,1
17268,0.13,-0.45,9.53,1
17286,0.04,-0.31,9.56,1
17310,0.04,-0.31,9.56,1
17326,0.15,-0.43,9.55,1
17354,0.15,-0.43,9.55,1
17374,0.19,-0.39,9.75,1
17416,0.08,-0.35,10.19,1
17442,-0.04,-0.42,9.38,1
17492,-0.04,-0.42,9.38,1
17520,0.11,-0.45,9.57,1
17533,0.11,-0.45,9.57,1
17558,0.13,-0.43,9.45,1
17581,0.13,-0.43,9.45,1
17616,0.2,-0.42,9.77,1
17643,0.11,-0.39,9.85,1
17659,0.11,-0.39,9.85,1
17676,0.02,-0.4,9.92,1
17696,0.18,-0.26,9.69,1
17732,0.15,-0.33,9.66,1
17751,0.15,-0.33,9.66,1
17785,0.15,-0.39,9.74,1
17796,0.15,-0.39,9.74,1
17825,0.05,-0.25,9.82,1
17846,0.05,-0.25,9.82,1
17884,0.04,-0.34,9.8,1
17914,-0.14,-0.45,9.66,1
17954,0.09,-0.42,9.83,1
17993,0.07,-0.27,9.91,1
18010,-0.17,-0.15,10.19,1
18028,-0.17,-0.15,10.19,1
18070,0.18,-0.32,10.05,1
18118,0.11,-0.17,10.02,1
18155,0.11,-0.17,10.02,1
18271,0.13,-0.28,10.07,1
18299,0.22,-0.2,10.11,1
18325,0.08,-0.24,10.18,1
18365,0.08,-0.12,10.19,1
18383,0.08,-0.12,10.19,1
18433,0.12,-0.16,10.21,1
18470,0.01,-0.26,10.18,1
18485,0.01,-0.26,10.18,1
18515,0.02,-0.26,9.98,1
18541,-0.15,-0.25,10.16,1
18568,0.15,-0.28,9.84,1
18583,-0.05,-0.32,9.95,1
18613,0.04,-0.28,10.21,1
18633,0.15,-0.37,9.83,1
18660,0.04,-0.18,10.1,1
18704,0.14,-0.21,10.12,1
18772,-0.07,-0.16,10.21,1
18821,-0.03,-0.18,10.12,1
18830,-0.03,-0.18,10.12,1
18872,0.15,-0.23,10.2,1
18888,0.15,-0.23,10.2,1
18918,-0.05,-0.25,10.16,1
18946,-0.05,-0.25,10.16,1
19010,-0.15,-0.24,10.12,1
19051,-0.1,-0.19,10.33,1
19104,-0.23,-0.2,10.18,1
19152,0.27,-0.36,9.6,1
19191,-0.15,-0.16,10.28,1
19231,-0.05,-0.2,10.14,1
19300,0.05,-0.23,9.91,1
19324,0.07,-0.14,9.75,1
19365,0.2,-0.27,9.58,1
19412,0.06,-0.23,9.56,1
19450,0.23,-0.32,9.65,1
19473,0.23,-0.32,9.65,1
19537,0,-0.15,10.22,1
19566,0.17,-0.27,9.91,1
19582,0.01,-0.26,9.9,1
19605,0.01,-0.26,9.9,1
19638,0.28,-0.28,10.05,1
19653,0.28,-0.28,10.05,1
19676,-0.05,-0.28,10.01,1
19712,0.17,-0.21,10.18,1
19745,0.17,-0.21,10.18,1
19766,0.01,-0.06,10.17,1
19802,0.01,-0.06,10.17,1
19818,0.22,0.05,10.22,1
19856,0.05,-0.01,10.21,1
19878,0.05,-0.01,10.21,1
19906,0.23,0.1,9.9,1
19945,0.01,0.1,10.12,1
19969,0.01,0.1,10.12,1
20004,0.08,0.24,10.32,1
20081,0.18,0.08,9.89,1
20120,0.03,-0.01,9.81,1
20149,0.03,-0.01,9.81,1
20185,0.21,0.23,9.93,1
20220,0.28,0.21,9.97,1
20235,0.28,0.21,9.97,1
20272,0.19,0.24,9.97,1
20315,0.29,0.28,10.07,1
20350,0.29,0.28,10.07,1
20401,0.32,0.15,10.14,1
20449,0.23,0.3,10,1
20488,0.39,0.27,10.05,1
20517,0.39,0.27,10.05,1
20539,0.14,0.37,10.08,1
20592,0.47,0.45,9.92,1
20621,0.06,0.39,9.88,1
20657,0.35,0.64,9.87,1
20680,0.39,0.45,10.08,1
20711,-0.08,0.5,10.06,1
20735,-0.08,0.5,10.06,1
20766,0.31,0.43,9.86,1
20807,-0.09,0.19,9.89,1
20842,0.19,0.26,10.09,1
20865,0.19,0.26,10.09,1
20901,0.32,0.24,10.04,1
20939,0.25,0.3,10.07,1
20961,0.25,0.3,10.07,1
20982,0.41,0.3,9.92,1
21027,0.06,0.3,9.9,1
21063,0.33,0.44,10,1
21362,0.11,-0.61,9.81,1
21389,-0.1,-0.52,9.91,1
21406,-0.1,-0.52,9.91,1
21453,0.2,-0.52,10.16,1
21481,0.04,-0.43,9.98,1
21523,0.26,-0.32,9.99,1
21549,0.19,-0.32,9.9,1
21603,0.02,-0.34,9.84,1
21641,0.01,-0.37,10.16,1
21677,-0.21,-0.48,9.91,1
21712,-0.23,-0.51,10.01,1
21738,-0.31,-0.57,10.03,1
21763,-0.31,-0.57,10.03,1
21784,-0.18,-0.48,9.78,1
21812,-0.18,-0.48,9.78,1
21844,-0.08,-0.5,10.01,1
21873,-0.08,-0.5,10.01,1
21897,0.02,-0.47,9.84,1
21935,0.13,-0.46,10.12,1
21965,0.16,-0.36,9.89,1
21990,0.16,-0.36,9.89,1
22010,0.15,-0.38,9.97,1
22053,0.19,-0.3,10.07,1
22081,0.17,-0.32,9.73,1
22107,0.16,-0.25,10.01,1
22141,0.03,-0.25,9.92,1
22161,0.03,-0.25,9.92,1
22181,-0.01,-0.37,10.05,1
22216,0.04,-0.37,9.97,1
22250,-0.09,-0.24,9.91,1
22287,0.1,-0.38,9.83,1
22320,-0.05,-0.19,10.01,1
22350,0,-0.28,10.05,1
22383,0.18,-0.21,9.99,1
22433,0.12,-0.28,9.91,1
22460,0.12,-0.28,9.91,1
22482,0.23,-0.12,10.18,1
22511,0.23,-0.32,9.97,1
22545,0.14,-0.27,9.85,1
22569,0.14,-0.27,9.85,1
22595,0.15,-0.15,10.05,1
22631,0.15,-0.15,10.05,1
22658,0.16,-0.05,10.11,1
22693,0.2,-0.16,9.85,1
22729,0.08,-0.03,10.15,1
22756,0.05,0.02,10.03,1
22788,0.01,0.19,10.18,1
22816,0.01,0.19,10.18,1
22834,0.1,0.09,9.95,1
22874,0.11,0.01,9.89,1
22903,0.11,0.01,9.89,1
22938,0.21,0.2,9.94,1
22954,-0.06,0.17,10.31,1
22977,-0.06,0.17,10.31,1
23007,0.23,0.01,9.95,1
23036,0.24,0.49,10.05,1
23049,0.16,0.01,10.04,1
23080,0.2,-0.13,9.9,1
23098,0.23,-0.16,9.98,1
23131,0.15,-0.23,9.89,1
23190,0.19,-0.27,9.96,1
23209,0.21,0.32,10.13,1
23243,0.2,0.13,10.17,1
23260,0.2,0.13,10.17,1
23301,0.04,0.11,10.05,1
23412,0.09,0.14,10.18,1
23441,0.18,0.16,10.07,1
23472,0.23,0,9.88,1
23518,0.25,0.34,9.69,1
23533,0.26,0.25,10.01,1
23563,0.26,0.25,10.01,1
23606,0.24,0.27,10.05,1
23647,0.28,0.23,9.83,1
23658,0.2,0.32,10.06,1
23685,0.06,0.31,10.19,1
23709,0.06,0.31,10.19,1
23731,0.16,0.25,10.15,1
23764,0.12,0.34,9.9,1
23799,0.12,0.34,9.9,1
23839,0.07,0.29,10.05,1
23875,0.12,0.19,10.08,1
23925,0.09,0.22,9.83,1
23964,0.15,0.21,10.16,1
23993,0.12,0.09,10.07,1
24016,0.12,0.09,10.07,1
24036,0.04,0.12,10.23,1
24066,0,0,9.74,1
24103,0.03,-0.02,10.09,1
24137,0.06,-0.15,9.66,1
24167,0.06,-0.15,9.66,1
24194,0.04,-0.22,9.7,1
24211,-0.1,-0.3,10.01,1
24253,0.01,-0.38,9.74,1
24302,0.05,-0.35,9.89,1
24338,0.04,-0.38,10,1
24373,0.14,-0.27,9.73,1
24394,0.19,-0.25,9.7,1
24423,0.19,-0.25,9.7,1
24444,0.06,-0.28,9.76,1
24479,0.06,-0.28,9.76,1
24508,0.18,-0.24,9.72,1
24545,0.03,-0.2,9.94,1
24559,0.03,-0.2,9.94,1
24601,-0.04,-0.15,9.99,1
24638,-0.08,-0.23,10.11,1
24676,-0.14,-0.28,10.02,1
24700,-0.14,-0.28,10.02,1
24754,-0.1,-0.39,9.96,1
24799,0.18,-0.22,9.96,1
24853,0.17,-0.41,10.06,1
24892,0.21,-0.23,9.78,1
24920,0.21,-0.23,9.78,1
24942,0.21,-0.29,9.87,1
24963,0.16,-0.29,9.83,1
24994,0.33,-0.03,9.63,1
25036,0.17,-0.15,9.85,1
25059,0.17,-0.15,9.85,1
25084,0.07,-0.13,10.36,1
25123,0.11,-0.16,9.75,1
25156,0.11,-0.16,9.75,1
25194,0.22,-0.05,9.67,1
25229,0.14,0.19,9.61,1
25285,0.15,0,9.96,1
25301,0.18,0.14,9.96,1
25336,0.2,0.17,10.48,1
25371,0.29,0.06,10.32,1
25406,0.33,0.44,10.25,1
25455,0.33,0.19,10.36,1
25499,0.42,0.25,9.85,1
25556,0.37,0.09,10.19,1
25581,0.19,-0.07,9.93,1
25619,0.15,0.43,9.97,1
25632,0.15,0.43,9.97,1
25664,-0.02,0.19,10.32,1
25690,-0.02,0.19,10.32,1
25748,0.13,0.41,9.81,1
25780,-0.07,0.12,9.94,1
25809,-0.18,0.3,9.6,1
25838,-0.07,-0.03,9.91,1
25873,-0.1,0.04,9.89,1
25915,0.02,-0.04,10.03,1
25948,0,-0.03,10.31,1
25981,0.06,0.11,10.44,1
26052,0.1,0.36,10.19,1
26105,0.13,-0.19,10.28,1
26162,-0.1,0.01,9.94,1
26195,-0.1,0.01,9.94,1
26213,-0.04,0.27,9.55,1
26245,-0.11,0.04,9.57,1
26272,-0.01,-0.03,9.57,1
26296,-0.05,0.02,9.86,1
26340,0.13,0.02,9.56,1
26426,0.09,0.23,9.73,1
26495,-0.08,0.05,10.08,1
26521,0.05,0.09,10.11,1
26557,0.09,0.2,10.24,1
26585,0.09,0.2,10.24,1
26619,0,0.21,10.26,1
26648,0.11,0.34,9.6,1
26695,0.05,0.1,10.2,1
26724,0.05,0.1,10.2,1
26747,-0.02,-0.01,10.4,1
26791,0.18,0.29,9.97,1
26816,0.18,0.29,9.97,1
26835,0.06,0.15,9.97,1
26874,-0.01,0.17,9.91,1
26910,0.04,-0.07,10.38,1
26941,0.09,-0.02,9.96,1
26969,0.18,-0.14,9.67,1
27031,0.18,-0.1,9.73,1
27090,0.01,-0.19,9.86,1
27130,0.05,-0.21,10.12,1
27167,-0.11,-0.18,10.31,1
27208,0,-0.25,10.17,1
27227,0,-0.22,10.12,1
27249,0,-0.22,10.12,1
27281,0.06,-0.24,9.97,1
27327,0,-0.32,9.93,1
27367,0,-0.38,9.91,1
27395,0,-0.38,9.91,1
27423,0.03,-0.51,9.76,1
27671,0.19,-0.22,9.84,1
27703,0.23,-0.28,9.77,1
27737,0.26,-0.11,10.17,1
27774,0.29,-0.1,10.05,1
27797,0.29,-0.1,10.05,1
27839,0.23,0.06,10,1
27868,0.19,0.06,9.91,1
27898,0.19,0.06,9.91,1
27941,0.08,0.09,10.21,1
27970,0.08,0.2,9.83,1
27987,0,0.05,10.4,1
28026,0.08,0.03,9.87,1
28071,0.21,0.15,9.69,1
28102,0.27,0.05,9.64,1
28146,0.38,0.09,9.63,1
28168,0.25,-0.02,10.04,1
28182,0.34,0.04,9.58,1
28209,0.34,0.08,10.16,1
28263,0.45,0.05,9.58,1
28290,0.36,0.03,9.63,1
28323,0.34,-0.1,9.82,1
28362,0.27,-0.12,9.88,1
28399,0.27,-0.18,10.07,1
28439,0.19,-0.06,10.16,1
28466,0.12,-0.15,10.38,1
28515,0.1,-0.21,10.43,1
28540,0.06,-0.11,10.33,1
28564,0.06,-0.11,10.33,1
28580,0.09,-0.2,10.07,1
28608,0.09,-0.2,10.07,1
28639,0.07,-0.12,9.79,1
28674,-0.03,-0.19,9.59,1
28706,-0.03,-0.19,9.59,1
28734,0.19,-0.15,9.51,1
28801,0.3,-0.09,9.51,1
28826,0.3,-0.09,9.51,1
28879,0.33,-0.11,9.49,1
28916,0.47,-0.08,9.48,1
28961,0.36,-0.17,9.56,3
29024,0.07,-2.62,6.46,3
29069,-0.01,-0.59,9.54,3
29175,0.12,-0.19,10.05,3
29203,0,-0.12,10.2,3
29254,0,-0.23,10.2,1
29281,0,-0.23,10.2,1
29282,0,-0.23,10.2,1
29283,0,-0.23,10.2,1
29284,0,-0.23,10.2,1
29305,0.1,-0.23,10.25,1
29346,0.15,-0.23,10.26,1
29385,0.27,-0.27,10.2,1
29408,0.27,-0.27,10.2,1
29436,0.24,-0.28,10.23,1
29479,0.21,-0.15,10.28,1
29504,0.21,-0.15,10.28,1
29532,0.13,-0.13,10.34,1
29564,0.09,0.05,10.22,1
29591,0.09,0.05,10.22,1
29623,-0.11,0.08,10.16,1
29669,-0.13,0.07,10.01,1
29707,-0.26,-0.11,9.94,1
29730,-0.26,-0.11,9.94,1
29750,-0.15,-0.26,9.75,1
29773,-0.15,-0.26,9.75,1
29808,0,-0.31,9.66,1
29844,0.1,-0.36,9.7,1
29854,0.1,-0.36,9.7,1
29906,0.17,-0.47,9.67,1
29954,0.15,-0.38,9.8,1
30003,0.19,-0.41,9.77,1
30034,0.17,-0.33,9.72,1
30065,0.1,-0.34,9.89,1
30089,0.1,-0.34,9.89,1
30116,0.02,-0.33,9.94,1
30140,0.02,-0.33,9.94,1
30160,-0.03,-0.38,10.09,1
30184,-0.03,-0.38,10.09,1
30214,-0.19,-0.38,10.19,1
30243,-0.19,-0.38,10.19,1
30270,-0.1,-0.37,10.2,1
30311,-0.16,-0.32,10.23,1
30350,-0.03,-0.33,10.02,1
30392,0.11,-0.3,9.97,1
30429,0.18,-0.28,10.08,1
30465,0.1,-0.31,10.17,1
30515,0.19,-0.29,10.03,1
30532,0.3,-0.23,9.84,1
30565,0.29,-0.35,9.76,1
30594,0.29,-0.35,9.76,1
30621,0.37,-0.28,9.7,1
30660,0.27,-0.25,9.75,1
30689,0.15,-0.19,10.13,1
30718,0.16,-0.25,9.78,1
30744,0.05,-0.28,9.81,1
30774,0.07,-0.2,10.08,1
30818,-0.02,-0.23,10.16,1
30847,0.05,-0.31,9.73,1
30862,0.02,-0.2,10.14,1
30898,0.02,-0.23,9.84,1
30937,0.07,-0.25,9.87,1
30950,0.07,-0.25,9.87,1
30980,0.19,-0.19,9.94,1
31015,0.22,-0.18,10.02,1
31043,0.22,-0.18,10.02,1
31071,0.16,-0.1,10.12,1
31108,0.25,-0.03,10.13,1
31132,0.21,0.04,10.17,1
31155,0.21,0.04,10.17,1
31176,0.22,-0.01,10.07,1
31210,0.17,0.08,10.23,1
31244,0.32,0.2,9.8,1
31264,0.32,0.2,9.8,1
31284,0.39,0.16,9.52,1
31332,0.21,0.07,9.53,1
31375,-0.03,-0.13,9.94,1
31413,0.26,-0.05,10.05,1
31436,0.26,-0.05,10.05,1
31465,0.37,0.24,10.28,1
31489,0.37,0.24,10.28,1
31536,-0.1,-0.16,10.06,1
31561,0.4,0.14,9.55,1
31623,-0.14,-0.25,10.1,1
31646,0.33,0.02,9.97,1
31679,0.15,0.22,10.15,1
31706,0.15,0.22,10.15,1
31752,0.24,-0.11,10.04,1
31804,0.16,-0.09,10.11,1
31853,0.11,-0.04,10.06,1
31917,0.13,-0.16,9.85,1
31952,0.23,-0.21,9.69,1
31987,0.14,-0.27,10.02,1
32022,0.28,-0.24,10.16,1
32040,0.38,-0.06,9.5,1
32058,0.38,-0.06,9.5,1
32077,0.25,-0.02,10.14,1
32106,0.27,-0.07,9.6,1
32138,0.29,0.05,9.54,1
32166,0.29,0.05,9.54,1
32191,0.21,0,9.7,1
32216,0.21,0,9.7,1
32234,0.17,0.15,9.72,1
32264,0.3,0.19,9.67,1
32298,0.19,0.1,9.78,1
32312,0.27,0.05,9.77,1
32336,0.27,0.05,9.77,1
32371,0.27,0.08,10.01,1
32413,0.33,0.12,10.12,1
32440,0.33,0.12,10.12,1
32460,0.23,0.13,10.23,1
32482,0.35,0.35,10.27,1
32536,0.34,0.4,9.98,1
32566,0.22,0.17,10.1,1
32591,0.33,0.24,9.97,1
32610,0.33,0.24,9.97,1
32637,0.18,0.28,10.06,1
32675,0.14,0.07,10.14,1
32730,0.22,0.05,10.03,1
32783,0.29,0.05,9.86,1
32817,0.28,0,10.01,1
32856,0.28,0,10.01,1
32911,0.16,-0.06,9.82,1
32949,0.19,-0.2,9.74,1
32972,0.21,-0.2,9.71,1
32993,0.14,-0.33,9.89,1
33023,0.13,-0.26,9.88,1
33037,0.17,-0.11,9.69,1
33066,0.05,-0.18,10.26,1
33100,0.06,-0.34,9.56,1
33145,0.16,-0.33,9.59,1
33154,0.08,-0.25,10,1
33202,0.13,-0.16,9.71,1
33322,0.15,-0.3,9.7,1
33340,0.15,-0.3,9.7,1
33364,0.1,-0.46,9.65,1
33387,0.1,-0.46,9.65,1
33409,0.09,-0.36,9.59,1
33443,0,-0.38,9.81,1
33480,0.01,-0.28,10.04,1
33531,-0.03,-0.22,10.05,1
33557,0.11,-0.18,9.92,1
33592,-0.03,-0.18,10.18,1
33629,0,-0.18,10.24,1
33682,0.04,-0.14,10.27,1
33723,0.17,-0.13,10.19,1
33765,0.18,-0.02,10.1,1
33815,0.21,0,10.11,1
33866,0.29,0.19,10.05,1
33910,0.16,0.3,10.19,1
33980,0.13,0.26,10.28,1
34065,0.29,0.21,10.57,1
34089,0.29,0.21,10.57,1
34124,0.43,0.36,9.96,1
34170,0.14,-0.16,9.65,1
34197,0.14,-0.16,9.65,1
34216,-0.14,-0.23,10.06,1
34245,-0.14,-0.23,10.06,1
34266,0.15,-0.17,10.3,1
34291,0.5,0.14,10.39,1
34320,0.5,0.14,10.39,1
34335,0.2,-0.21,10.31,1
34372,0.34,0.16,9.9,1
34390,0.3,0.05,9.83,1
34419,0.3,0.05,9.83,1
34435,-0.12,-0.11,9.9,1
34453,-0.12,-0.11,9.9,1
34483,-0.12,-0.12,9.86,1
34517,-0.12,-0.12,9.86,1
34564,0.14,-0.05,9.95,1
34615,0.16,-0.16,10.45,1
34660,0.33,-0.19,10.36,1
34688,0.42,0.13,9.76,1
34763,0.4,0,9.87,1
34805,-0.01,0.11,9.58,1
34843,0.13,0.08,9.56,1
34862,0.13,0.08,9.56,1
34893,0.09,0.09,9.49,1
34904,0.09,0.09,9.49,1
34960,0.31,0.03,9.69,1
35007,0.19,0.01,9.94,1
35042,0.24,0.01,10.14,1
35078,0.1,0.06,10.07,1
35123,0.16,0.16,10.26,1
35159,0.16,0.19,10.19,1
35192,0.25,0.26,10.41,1
35220,0.25,0.26,10.41,1
35247,0.31,0.19,10.3,1
35278,0.31,0.19,10.3,1
35320,0.41,0.06,10.35,1
35333,0.26,0.1,10.44,1
35363,0.25,0.01,10.1,1
35394,0.27,0.05,10.44,1
35406,0.48,-0.04,10.44,1
35443,0.14,0,10.41,1
35473,0.07,0.08,10.41,1
35513,-0.02,0.05,10.37,1
35558,-0.09,-0.02,10.3,1
36102,0.01,-0.07,10.04,1
36142,0.07,-0.16,9.62,1
36188,0.15,-0.04,9.81,1
36222,0.03,-0.09,10.23,1
36242,0.18,-0.03,10.26,1
36281,0.37,0.01,10.01,1
36316,0.47,0,9.95,1
36339,0.47,0,9.95,1
36364,0.41,-0.07,10.18,1
36384,0.41,-0.07,10.18,1
36400,0.31,-0.15,9.86,1
36433,0.31,-0.15,9.86,1
36475,0.21,-0.17,9.7,1
36543,0.27,0.09,10.02,1
36570,0.27,0.09,10.02,1
36598,0.14,0.15,10.05,1
36640,0.28,-0.04,9.82,1
36674,0.28,-0.04,9.82,1
36715,0.32,0.1,9.8,1
36743,0.37,0.08,9.91,1
36771,0.37,0.11,9.83,1
36813,0.21,0.22,10.05,1
36864,0.31,0.13,9.64,1
36904,0.28,0.15,9.74,1
36941,0.19,0.1,9.99,1
36968,0.19,0.1,9.99,1
36994,0.21,0.16,10.13,1
37019,0.21,0.16,10.13,1
37031,0.22,0.11,9.68,1
37065,0.21,0.1,9.97,1
37110,0.25,0.15,10.17,1
37135,0.43,0.3,9.58,1
37179,0.07,0,9.69,1
37220,0.3,0.27,10.39,1
37237,0,-0.13,10.05,1
37269,0.29,0.36,10.32,1
37294,0.29,0.36,10.32,2
37317,0.5,0.02,8.99,2
37373,0.13,-0.18,10.04,2
37421,0.24,0.41,10.68,2
37438,0.21,0.05,9.48,2
37470,0.79,-0.1,9.01,2
37488,0.04,-0.11,10.21,2
37551,0.09,0.32,10.5,2
37602,0.35,0.53,10.59,2
37645,0.74,0.12,8.91,2
37675,0.74,0.12,8.91,2
37730,-0.21,-0.04,9.73,2
37766,-0.21,-0.04,9.73,1
37793,-0.23,-0.1,10.09,1
37825,0.21,-0.29,9.75,1
37865,0.02,-0.48,9.65,1
37900,0.13,-0.25,9.67,1
37945,0.36,-0.33,9.64,1
37977,0.36,-0.33,9.64,1
38020,0.33,-0.34,10.09,1
38038,0.26,-0.18,10.29,1
38076,0.43,-0.26,9.97,1
38125,0.16,-0.24,9.9,1
38179,0.08,-0.18,10.07,1
38233,-0.35,-0.06,10.18,1
38278,-0.33,-0.02,9.82,1
38322,-0.43,0.22,9.96,1
38341,-0.59,0.18,9.86,1
38379,-0.59,0.18,9.86,1
38426,-0.43,-0.02,9.91,1
38468,-0.28,-0.17,9.9,1
38490,-0.23,0.02,9.95,1
38545,-0.08,-0.13,10.07,1
38582,0.16,-0.02,9.96,1
38625,0.06,0.01,9.99,1
38677,0.15,0.02,10.11,1
38714,0.08,0.19,9.79,1
38755,-0.11,0.17,9.85,1
38792,-0.28,-0.02,10.24,1
38818,-0.28,-0.02,10.24,1
38833,-0.37,-0.17,10,1
38864,-0.37,-0.17,10,1
38888,-0.17,-0.23,9.98,1
38931,-0.23,-0.32,10.04,1
38963,-0.18,-0.27,9.91,1
38989,-0.23,-0.3,10.1,1
39020,-0.01,-0.09,10.01,1
39048,-0.01,-0.09,10.01,1
39081,0.3,-0.27,10.01,1
39118,0.46,-0.13,10.12,1
39159,0.45,0.01,10.16,1
39203,0.61,-0.08,9.92,1
39250,0.52,0.03,9.84,1
39349,0.44,-0.12,10,1
39388,0.4,0.01,9.62,1
39440,0.36,-0.2,9.66,1
39488,0.43,-0.09,10.02,1
39541,0.28,0.19,10.05,1
39583,0.45,0.25,9.91,1
39622,0.34,0.25,9.73,1
39651,0.51,0.24,9.89,1
39673,0.42,0.14,9.8,1
39694,0.41,0.08,10.16,1
39715,0.41,0.08,10.16,1
39748,0.56,0.16,10.27,1
39760,0.56,0.16,10.27,1
39796,0.63,0.16,10.26,1
39818,0.63,0.16,10.26,1
39833,0.56,0.31,9.99,1
39861,0.58,0.06,9.8,1
39897,0.47,0.31,9.65,1
39917,0.42,0.28,10.29,1
39950,0.43,0.14,10.03,1
39984,0.4,-0.14,9.8,1
40032,0.51,-0.42,9.96,1
40072,0.57,-0.4,10.35,1
40099,0.46,-0.37,10.35,1
40131,0.49,-0.48,10.15,1
40166,0.52,-0.51,10.08,1
40199,0.5,-0.57,9.78,1
40241,0.46,-0.4,9.82,1
40279,0.25,-0.27,9.89,1
40322,0.14,-0.21,9.78,1
40345,0.14,-0.21,9.78,1
40364,0.2,-0.32,9.62,1
40420,0.22,-0.24,9.66,1
40445,0.22,-0.24,9.66,1
40469,0.3,-0.38,9.86,1
40510,0.37,-0.47,10.15,1
40544,0.37,-0.47,10.15,1
40557,0.54,-0.53,10.11,1
40592,0.65,-0.38,10.24,1
40615,0.65,-0.38,10.24,1
40656,0.64,-0.36,10.2,1
40688,0.51,-0.3,10.11,1
40720,0.56,-0.46,9.93,1
40769,0.33,-0.32,9.9,1
40797,0.33,-0.32,9.9,1
40829,0.16,-0.12,9.78,1
40882,0,-0.08,9.86,1
40911,0.03,-0.19,9.8,1
40939,0.03,-0.19,9.8,1
40960,0.15,-0.13,9.85,1
41051,0.35,-0.08,9.85,1
41079,0.38,0.03,10.43,1
41105,0.42,-0.09,10.2,1
41135,0.5,0.04,10.22,1
41165,0.5,0.04,10.22,1
41209,0.24,-0.3,9.94,1
41260,0.12,-0.14,10.33,1
41292,0.09,-0.46,10.4,1
41328,0.14,-0.78,9.88,1
41375,-0.05,-0.49,10.08,1
41414,-0.05,-0.46,10.14,1
41464,0.16,-0.39,9.59,1
41498,0.12,-0.04,9.82,1
41516,0.13,0.19,9.77,1
41548,0.2,0.25,10.04,1
41577,0.2,0.25,10.04,1
41615,0.2,0.39,9.86,1
41657,0.26,0.22,9.78,1
41730,-0.04,-0.28,10.12,1
41802,0.03,-0.62,10.22,1
41917,0.12,-0.33,10.02,1
41956,-0.04,-0.5,10.05,1
41995,0.14,-0.31,10.09,1
42023,0.14,-0.31,10.09,1
42043,0.18,0.02,10.01,1
42076,0.46,-0.09,9.6,1
42121,0.57,-0.22,9.74,1
42161,0.72,-0.35,9.9,1
42198,0.8,-0.09,10.06,1
42225,0.36,-0.27,9.6,1
42273,0.47,-0.58,9.59,1
42308,0.47,-0.58,9.59,1
42355,0.26,-0.39,9.97,1
42409,-0.01,-0.31,10.34,1
42434,0.01,0.03,10.07,1
42501,0.24,0.08,9.9,1
42545,0.28,-0.13,9.64,1
42572,0.28,-0.13,9.64,1
42601,0.46,-0.25,10.06,1
42646,0.58,-0.47,10.44,1
42682,0.48,-0.48,10.19,1
42710,0.6,-0.21,10.16,1
42764,0.52,-0.03,10,1
42802,0.52,-0.03,10,1
42824,0.34,0.06,9.86,1
42868,0.14,0.04,9.95,1
42905,-0.1,0.17,10,1
42942,-0.07,0.2,9.92,1
42966,-0.07,0.2,9.92,1
43007,-0.1,0,9.68,1
43040,0.07,0.2,9.75,1
43073,0.03,0.1,9.86,1
43100,0.03,0.1,9.86,1
43150,0.29,0.4,9.62,1
43188,0.36,0.25,9.72,1
43277,0.1,-0.39,9.34,3
43301,0.09,-2.8,5.38,3
43341,0.16,-0.77,10.68,3
45235,-0.19,-2.36,3.22,3
45278,-0.11,0.26,9.75,3
45323,0.15,-0.53,9.87,1
45348,0.07,-0.57,9.72,1
46809,1.43,-0.69,9.42,1
46836,1.28,-0.85,9.73,1
46870,1.3,-0.78,9.48,2
46916,0.35,-0.11,10.68,2
46959,-0.62,-0.11,11.48,2
46998,1.1,-0.41,10.05,2
49281,0.53,-0.99,9.65,2
49324,0.33,-0.99,9.58,1
49349,0.33,-0.99,9.58,1
49365,0.1,-0.85,10.22,1
49389,0.1,-0.85,10.22,1
49420,0.3,-0.7,10.22,1
49430,0.3,-0.7,10.22,1
49474,0.56,-0.46,9.81,1
49494,0.56,-0.46,9.81,1
49512,0.23,-0.51,9.55,1
49553,0.11,-0.3,10.23,1
49599,0.11,-0.06,10.33,1
49653,0.18,-0.11,10.02,1
49694,0.38,-0.13,9.32,1
49732,0.38,0.45,9.7,1
49774,0.14,0.66,9.55,1
49819,0.17,0.73,9.87,1
49845,0.17,0.73,9.87,1
49866,0.33,0.71,9.75,1
49904,0.43,0.56,10,1
49946,0.44,0.42,10.14,1
49966,0.57,0.19,10.17,1
50028,0.44,0.15,10.12,1
50066,0.57,-0.05,10.07,1
50098,0.28,-0.03,9.94,1
50122,0.28,-0.03,9.94,1
50156,0.25,-0.31,9.82,1
50199,0.18,-0.68,9.8,1
50229,0.22,-0.87,10.1,1
50271,0.2,-1.06,9.82,1
50295,0.2,-1.06,9.82,1
50315,0.12,-0.87,10,1
50343,0.31,-0.81,9.8,1
50363,0.43,-0.49,9.87,1
50390,0.43,-0.49,9.87,1
50421,0.67,-0.11,9.95,1
50472,0.87,0.1,9.98,1
50494,0.92,0.07,10.08,1
50520,0.92,0.07,10.08,1
50539,0.77,0.25,10.22,1
50575,0.73,0.12,10.15,1
50606,0.4,-0.05,9.77,1
50644,0.6,-0.31,9.92,1
50676,0.34,-0.65,10.03,1
50716,0.24,-0.91,9.92,1
50747,0.24,-0.91,9.92,1
50773,0.31,-1.1,10.19,1
50796,0.31,-1.1,10.19,1
50819,0.01,-1.01,10.13,1
50854,0.18,-0.8,9.79,1
50875,0.18,-0.8,9.79,1
50933,0.31,-0.43,9.79,1
50991,0.23,0.11,9.92,1
51029,0.22,-0.08,9.9,1
51065,0.44,-0.14,10.23,1
51105,0.51,-0.18,10.21,1
51140,0.54,-0.48,10.4,1
51165,0.57,-0.58,10.48,1
51234,0.73,-0.77,10.15,1
51266,0.56,-0.95,9.87,1
51307,0.56,-0.95,9.87,1
51334,0.37,-0.69,10.08,1
51375,0.61,-0.62,9.97,1
51419,0.49,-0.24,9.67,1
51457,0.58,-0.23,9.61,1
51489,0.57,-0.25,10.02,1
51549,0.63,-0.2,9.85,1
51590,0.3,-0.77,9.89,1
51621,0.2,-0.74,9.95,1
51632,0.2,-0.74,9.95,1
51666,0.26,-0.93,10.23,1
51692,0.4,-0.84,10.24,1
51729,0.33,-0.97,10.13,1
51761,0.23,-0.77,9.75,2
51803,0.01,-0.16,9.34,2
51910,0.16,-2.16,8.89,2
51964,0.07,2,10.55,2
51994,-0.06,0.33,10.29,2
52028,0.12,1.34,10.34,1
52093,0.32,0.93,10.4,1
52127,0.35,0.48,10.14,1
52170,0.24,-0.02,9.87,1
52186,0.24,-0.02,9.87,1
52219,0.49,-0.03,9.79,1
52267,0.14,-0.17,9.59,1
52292,0.25,-0.24,9.55,1
52326,0.25,-0.24,9.55,1
52386,0.11,-0.17,10,1
52416,0.09,0.04,10.25,1
52447,0.3,0.07,10.37,1
52495,0.58,-0.18,9.91,1
52520,0.32,0.05,10.11,1
52560,0.2,-0.14,9.96,1
52606,0.37,-0.01,9.75,1
52657,0.25,-0.03,9.97,1
52691,0.51,-0.25,10.02,1
52742,0.6,-0.31,9.64,1
52780,0.42,-0.1,9.78,1
52832,0.5,0.09,9.74,1
52875,0.32,0.03,10.02,1
52912,0.21,0.08,10.36,1
52946,0.18,-0.12,10.29,1
52980,-0.01,0.09,10.03,1
53010,0.2,0.08,9.96,1
53034,0.2,0.08,9.96,1
53065,0,0.01,9.65,1
53088,0,0.01,9.65,1
53125,-0.07,-0.15,9.47,1
53156,0.02,-0.39,10.05,1
53205,0.47,-0.14,9.89,1
53248,0.59,-0.12,10.08,1
53268,0.59,-0.12,10.08,1
53310,0.49,0.19,10.34,1
53338,0.7,0.25,10.43,1
53373,0.59,0.16,10.5,1
53386,0.5,0.18,10.05,1
53452,0.7,0.13,9.54,1
53487,0.45,0.16,9.85,1
53514,0.41,-0.07,9.65,1
53542,0.41,-0.07,9.65,1
53589,0.14,-0.28,9.54,1
53619,0.12,-0.27,9.63,1
53639,0.26,-0.2,9.99,1
53709,0.21,0.02,10,1
53749,0.41,-0.23,9.92,1
53766,0.39,-0.12,9.88,1
53802,0.59,-0.18,9.73,1
53851,0.66,-0.13,10.28,1
53906,0.46,-0.03,10.19,1
53942,0.37,-0.15,10.02,1
53973,0.17,-0.24,9.97,1
53995,0.23,-0.13,9.81,1
54033,0.15,0,9.84,1
54060,0.21,-0.1,9.54,1
54261,0.58,-0.03,9.95,1
54291,0.71,0.16,10.16,1
54323,0.48,-0.02,9.47,1
54368,0.51,0.17,9.77,1
54393,0.51,0.17,9.77,1
54409,0.47,-0.06,9.67,1
54465,0.5,-0.13,9.32,1
54487,0.5,-0.13,9.32,1
54524,0.4,-0.31,9.64,1
54561,0.44,0.13,10.03,1
54601,0.61,0.01,10.11,1
54615,0.34,-0.08,9.99,1
54641,0.18,0.13,10.03,1
54670,0.18,0.13,10.03,1
54697,0.34,-0.04,9.68,1
54716,0.39,0,9.98,2
54801,0.4,1.71,9.46,2
54852,0.11,0.22,11.39,2
54921,0.56,-0.51,9.72,2
59939,1.81,0.17,9.82,1
59962,1.81,0.17,9.82,1
59980,1.81,0.17,9.82,1
59999,1.81,0.17,9.82,1
60020,1.25,-0.18,9.45,1
60049,1.28,-0.05,9.12,3
60092,0.43,2.84,6.15,3
60124,1.22,0.44,10.05,3
60164,1.55,0.08,12.34,3
60201,0.21,-0.53,12.23,3
60226,1.35,0.26,9.38,3
60263,0.18,-0.15,9.91,1
60326,0.58,0.15,10.3,1
60356,1.86,0.15,9.66,1
60402,1.22,0.48,9.7,2
60634,0.73,0.01,11.62,2
60664,0.9,-0.1,11.47,2
60690,0.9,-0.1,11.47,2
60732,1.63,-0.28,9.95,1
67273,0.21,-0.13,10.9,1
67298,0.21,-0.13,10.9,1
67311,-0.66,0.15,10.21,3
67381,-0.21,0.25,8.73,3
70055,-1.28,-0.59,9.79,3
70096,0.35,1.57,7.32,3
70131,2.71,-0.11,11.63,3
70166,0.94,0.13,12.23,3
70242,-1,0.71,9.6,3
70309,0.36,0.5,9.05,3
70339,0.38,1.1,7.97,3
70363,0.85,-1.07,14.03,3
70398,-0.13,1.22,9.44,3
70423,0.56,0.71,8.64,3
70439,-0.24,-0.49,11.96,3
70471,0.43,0.04,9.78,3
70503,0.43,0.04,9.78,1
70526,0.59,0.07,9.51,1
70527,0.59,0.07,9.51,1
70528,0.59,0.07,9.51,1
70529,0.59,0.07,9.51,1
70530,0.59,0.07,9.51,1
72648,0.19,1.47,9.52,2
72740,0.66,0.34,11.2,2
72783,0.76,-0.06,11.08,2
72805,1.06,0.78,9.57,2
72874,1.41,-0.37,9.84,2
72925,0.19,1.12,6.94,2
72937,-0.31,0.04,9.87,2
72976,-0.31,0.04,9.87,2
73003,-0.31,0.04,9.87,2
73053,-0.07,0.61,10.68,2
73105,-0.08,0.47,10.52,2
73139,0.38,0.62,9.11,2
73180,1.04,-0.02,9.78,2
73225,2.33,0.32,10.39,2
73277,0.01,0.12,10.33,2
73317,0.85,0.92,11.88,2
73357,-0.1,0.14,10.87,2
73387,-0.67,-0.53,11.26,2
73430,-0.31,0.21,11.62,2
73512,-0.27,0.06,10.66,3
73540,1.19,-1.12,6.16,3
73596,0.69,-0.14,8.99,3
73638,0.65,0.24,10.74,3
73713,0.06,-0.33,11.33,2
73740,-0.5,-0.09,9.6,2
73785,-0.36,-1.09,11.18,2
73830,0.02,-0.81,8.29,2
73870,0.99,-1.16,9.52,2
73902,0.96,-1.04,9.78,2
73923,0.7,-1.18,8.54,2
73952,0.58,-0.82,10.27,2
73995,0.24,-1.51,9.11,2
74060,0.08,-1.75,10.6,2
74105,1.16,-1.59,10.54,2
74138,0.31,-1.36,9.42,2
74171,-0.22,-1.09,9.03,2
74199,-0.22,-1.09,9.03,2
74219,0.94,-1.03,11.13,2
74255,0.34,-0.92,8.65,2
74290,0.88,-1.13,9.69,2
74314,0.88,-1.13,9.69,1
74332,0.92,-1.05,9.75,1
74399,0.5,-0.86,10.04,1
74413,0.5,-0.86,10.04,1
74452,0.55,-1.3,10.26,1
74520,-0.07,-0.85,10.14,1
74550,0.1,-0.65,10.55,1
74565,0.91,-0.71,10.27,1
74611,0.63,-0.84,10.08,1
74644,0.63,-0.84,10.08,1
74701,0.38,-1.22,9.64,1
74730,0.29,-1.16,9.82,1
74775,0.37,-0.32,10.35,2
74782,1.32,-0.18,8.64,2
74840,-0.05,-0.46,9.02,2
74872,0.87,-0.72,11.49,2
74901,0.5,-0.26,8.76,2
74932,-0.16,-0.59,10.57,2
74963,0.08,-0.41,10.17,2
75013,0.17,-0.54,10.47,2
75122,0.91,-0.22,9.5,2
75162,1.26,-0.04,10.52,2
75196,1.03,-0.46,9.91,1
75223,1.03,-0.46,9.91,1
75263,0.89,-0.57,10.53,1
75281,0.87,-0.19,9.08,1
75308,0.87,-0.19,9.08,2
75342,1.08,-0.48,10.89,2
75380,1.08,-0.48,10.89,2
75432,1.27,-0.51,10.62,2
75468,1.37,-0.22,9.51,2
75571,1.18,-0.39,9.23,2
75610,0.94,-0.78,9.56,2
75655,0.8,-0.81,9.17,2
75700,0.98,-0.4,7.31,2
75717,0.56,-0.15,8.33,2
75749,1.24,-0.29,11.38,2
75805,0.92,0.35,9.29,2
75868,0.88,-0.27,9.92,2
75901,0.49,-0.66,10.29,2
75982,-0.04,0.1,10.85,2
76046,-0.39,-1.26,10.64,2
76072,-0.62,-0.68,9.83,1
76073,-0.62,-0.68,9.83,1
76074,-0.62,-0.68,9.83,1
76075,-0.62,-0.68,9.83,1
76122,-0.89,-0.89,9.48,1
76171,-0.52,-0.39,10.19,1
76245,-0.36,0.17,10.34,3
77551,0.31,-0.39,7.04,3
77596,0.31,-0.39,7.04,3
77650,0.41,-0.33,12.66,3
77697,1.02,-0.14,7.77,3
77747,0.47,0.09,9.39,3
77791,-0.14,0.09,10.18,3
77861,1.12,-0.75,7.69,3
77897,0.29,-0.57,11.27,3
77929,0.36,-0.86,10.8,3
78002,0.87,-0.23,9.56,3
78043,-0.18,-0.87,10.23,2
78083,0.28,-0.55,9.81,2
78146,-0.05,-0.3,9.71,2
78179,1.94,-0.66,8.22,2
78230,1.22,0.21,8.93,3
78267,0.11,-0.41,11.2,3
78305,1.16,0.08,7.63,3
78383,4.11,-0.78,12.1,3
78434,1.24,-0.41,9.75,3
79575,0.39,-1.63,10.08,1
79600,0.74,-1.13,9.47,1
79662,-0.09,-1.42,9.87,1
79775,0.04,-1.01,10.17,1
79852,-0.02,-0.7,9.67,1
79903,0.4,-0.32,9.82,1
79956,0.24,-1.3,9.96,1
80016,0.64,-1.94,9.67,1
80101,0.33,-1.29,9.56,1
80129,0.33,-1.29,9.56,1
80152,-0.02,-1.18,9.86,1
80191,0.57,-0.8,10.33,1
80253,1.38,-1,9.81,1
80285,1.38,-1,9.81,1
80360,0.36,-1.34,10.18,1
80416,0.87,-1.22,10.55,1
80471,0.29,-1.01,10.04,1
80548,0.47,-1.09,9.29,1
80574,0.62,-1.22,9.94,1
80613,0.62,-1.22,9.94,1
80694,1.12,-1.17,9.89,1
80721,1.12,-1.17,9.89,1
80774,0.78,-1.44,10.15,1
80856,0.74,-0.99,9.49,1
80906,0.71,-1.63,9.91,1
80953,0.35,-1.02,9.94,1
80996,0.43,-1.24,9.76,1
81033,0.36,-1.05,9.68,1
81123,0.56,-1.25,10.14,1
81168,0.09,-0.91,9.7,1
81226,0.32,-1.08,10.12,1
81306,0.82,-0.85,9.78,1
81354,0.21,-1.78,10.03,1
81420,0.49,-1.39,10.26,1
81468,0.72,-1.46,9.68,1
81521,0.78,-0.95,9.68,1
81604,-0.09,-1.21,9.91,1
81655,0.54,-1.29,10.12,1
81680,0.31,-1.19,9.78,1
81847,1.58,-1.43,10.08,1
81887,-0.12,-0.8,10.07,1
81926,1.16,-0.64,10.28,1
81980,0.56,-0.46,9.84,1
82050,0.21,0.03,9.57,1
82111,1.45,0.11,9.82,1
82145,0.74,-0.39,10.71,1
82199,0.45,-0.35,9.96,1
82254,-0.23,0.16,9.85,1
82309,0.64,0.46,9.55,1
82385,0.71,-0.03,10.16,1
82431,0.11,-0.08,9.92,1
82503,0.65,0.12,9.75,1
82569,0.92,0.2,9.98,1
82602,0.1,0.35,9.9,1
82697,0.28,0.1,9.86,1
82721,0.46,0.04,9.95,1
82761,-0.01,0.02,10.4,1
82794,0.67,-0.33,10.41,1
82825,0.89,-0.24,10.45,1
82896,0.81,-0.37,10.75,1
82924,0.81,-0.37,10.75,1
82947,0.62,-0.36,10.34,1
82995,0.92,-0.22,10.26,1
83076,-0.03,-0.05,10.48,1
83104,-0.03,-0.05,10.48,1
83146,-0.03,-0.26,10.15,1
83225,0.06,-0.26,10.03,1
83256,1.17,0,10.1,1
83316,0.75,-0.14,9.92,1
83373,0.28,0.27,9.83,1
83451,0.41,0.51,9.9,1
83475,0.06,0.16,10.44,1
83559,0.01,0.18,9.62,1
83622,0.2,0.26,9.69,1
83677,0.68,0.8,10.06,1
83705,0.97,-0.29,9.96,1
83748,0.43,0.18,10.03,1
83794,0.3,0.2,9.63,1
83846,0.49,0.84,9.88,1
83909,0.56,-0.25,9.84,1
83970,0.77,0.65,9.6,1
84013,0.78,-0.73,9.94,1
84127,0.99,-0.2,10.06,1
84269,0.96,-0.27,10.06,1
84435,-0.15,-0.4,10.86,1
84552,1.03,0.09,10.36,1
84596,0.61,-0.03,10.07,1
84746,0.62,-0.76,10.76,1
87023,-2.04,1.26,11.81,2
87123,0.73,1.12,11.18,2
87156,0.73,1.12,11.18,2
87240,0.55,2.16,10.31,2
87305,1.33,0.74,9.55,2
87371,1.06,0.51,8.79,2
87424,1.39,-0.03,9.59,2
87712,1.09,1.12,10.81,3
87744,0.67,-2.36,10.44,3
87792,1.42,1.28,7.18,3
87840,-1.16,0.44,10.97,3
87942,2.5,0.32,11.19,3
88017,0.59,0.98,9.02,2
88077,-0.18,0.78,8.89,2
88091,-0.67,-0.22,10.57,2
88132,-1.66,-0.4,11.89,2
88203,0.63,-0.31,9.21,2
88253,0.15,0.9,8.76,2
88668,-0.09,-0.06,9.57,2
88703,0.51,0.16,10.16,2
88750,0.36,0.67,10.05,2
88794,0.2,0.39,9.27,2
88875,1.19,0.43,10.83,2
88889,0.61,0.01,11.36,2
88933,0.57,-0.13,9.93,2
88999,1.48,0.53,9.61,2
90138,1.25,0.62,9.9,2
90185,1.11,0.88,9.95,2
90252,0.51,0.13,9.52,2
90333,1.81,0.3,9.8,2
90395,2.4,0.29,9.11,2
90432,1.08,0.88,10.9,2
90481,-0.15,0.11,11.09,2
90550,-0.53,-0.2,10.65,2
90598,0.4,0.86,10.13,2
91151,-0.3,-0.36,8.78,2
91222,0.21,-1.2,12.41,2
91301,0.72,-0.03,11.82,2
91406,0.39,0.04,9.33,2
91513,1.45,0.6,8.78,2
91572,-0.42,-0.54,11.44,2
91644,-0.15,0.4,10.89,2
96170,0.2,0.12,10.03,1
96218,-0.09,0.27,9.97,1
96262,0.03,-0.02,9.94,1
98421,0.49,0.23,9.91,2
98467,0.16,-0.13,10.67,2
98510,0.21,-0.34,9.98,2
98571,0.23,-0.27,9.54,2
98632,0.09,0.17,9.27,2
98689,0.06,-0.16,10.14,2
98729,-0.18,0.03,9.76,2
98793,0.26,-0.08,10.46,2
98842,0.16,0.02,10.18,2
98904,0.87,-0.26,10.66,2
98953,0.54,-0.2,11.09,2
98991,0.46,-0.52,9.74,2
99026,0.58,-0.73,8.21,2
99084,-0.18,-0.82,8.88,2
99155,0.24,-0.3,9.81,2
99195,0.23,-0.66,9.39,2
99225,0.19,-0.35,10.22,2
99300,-0.08,-0.15,10.15,2
99359,0.44,-0.25,9.99,2
99536,0.6,-0.8,10.19,2
99643,0.4,-0.03,9.2,2
99704,-0.15,0.03,9.17,2
103194,0.43,1.02,10.15,3
103262,0.27,1.2,10.03,3
103289,-0.16,0.26,8.18,3
103354,0.61,2,13.55,3
103395,0.65,1.07,9.83,3
104909,0.11,-1.21,10.03,1
105085,0.3,-1.3,9.96,1
105134,0.21,-1.12,9.72,1
105185,-0.03,-1.41,9.9,1
105231,0.28,-0.63,9.49,1
105261,0.31,-0.6,9.94,1
105299,-0.11,-0.59,10.01,1
105335,0.26,-0.59,10.06,1
105421,0.25,-0.39,10.02,1
105447,-0.1,-0.21,9.92,1
105489,0.26,-0.09,10.07,1
105542,0.31,0.06,9.51,1
105632,-0.1,-0.33,9.84,1
105666,0.37,-0.24,9.77,1
105766,0.03,0.09,9.89,1
105794,0.36,-0.03,10.11,1
105820,0.36,-0.03,10.11,1
105884,0.46,0.03,9.99,1
105940,0.45,0.1,9.89,1
106024,-0.14,0.04,10.05,1
106062,-0.14,0.04,10.05,1
106112,0.38,-0.28,10.24,1
106219,-0.2,-0.27,10.17,1
106252,0.46,-0.09,10.01,1
106319,0.16,-0.18,10.17,1
106379,0.33,-0.37,9.84,1
106444,0.71,-0.27,9.82,1
106526,0.35,-0.01,9.53,1
106594,0.79,-0.67,9.92,1
106645,-0.14,-0.73,10.08,1
106705,0.04,-0.34,10,1
106782,0.79,-0.34,10.3,1
106860,0.4,-0.99,9.88,1
106920,-0.04,-0.74,9.92,1
106994,0.84,-0.49,9.58,1
107124,0.44,0.01,10.04,1
107190,0.08,-0.79,9.81,1
107242,0.8,-0.51,9.73,1
107275,0.8,-0.51,9.73,1
107383,0.26,-0.49,10.03,1
107447,0.06,-0.42,9.93,1
107480,0.33,-0.5,10.16,1
107542,0.44,-0.58,9.41,1
107602,0.14,-0.4,9.88,1
107649,1.01,-0.28,9.67,1
107689,0.39,-0.37,10.21,1
107726,0.76,-0.47,9.91,1
107806,0.4,-0.62,10.1,1
107819,-0.16,-0.51,10.25,1
107900,0,-0.84,10.27,1
107915,0.28,-0.51,10.2,1
108004,0.54,-0.79,9.92,1
108092,0.45,-1.35,9.81,1
108113,0.58,-1.26,10.43,1
108215,0.53,-1.09,9.81,1
108344,0.24,-1.22,9.95,1
108466,0.58,-0.95,9.83,1
108518,0.67,-1.28,10.1,1
108558,0.75,-1.42,10.2,1
108610,0.68,-0.99,9.69,1
108646,1.04,-1.37,9.91,1
108713,-0.13,-0.95,9.83,1
108766,0.03,-1,9.78,1
108850,0.87,-0.8,9.68,1
108905,0.21,-1.68,10.19,1
109072,0.58,-1.12,9.67,1
109102,0.27,-1.3,9.93,1
109202,0.12,-1.05,9.5,1
109260,0.28,-0.79,10.25,1
109497,-0.17,-0.45,9.75,1
109542,-0.31,-0.31,10.08,1
109577,-0.23,-0.73,9.85,1
109643,-0.43,-0.59,9.6,1
109770,0.57,-0.41,10.42,1
109815,0.59,-0.05,9.86,1
109917,0.45,0.86,9.71,1
109957,-0.2,0.67,10.04,1
110020,-0.88,0.54,9.94,1
110084,-0.32,-0.41,10.36,1
110152,-0.48,0.45,10.11,1
110224,0.83,-0.17,9.86,1
110266,0.2,-0.53,9.75,1
110334,-0.09,-0.1,9.52,1
110477,0,-0.2,10.51,1
110595,-0.5,0.04,9.89,1
110730,-0.15,0.42,9.98,1
110920,0.1,1.25,9.74,1
111038,0.73,0.56,10.1,1
111152,-0.44,1.05,10.13,1
111211,0.37,1.48,9.92,1
111333,-0.11,1.41,9.91,1
111376,-0.89,0.6,10.08,1
111503,-0.52,0.55,9.88,1
111540,-0.76,0.68,10.03,1
111624,-0.71,0.24,9.81,1
111690,-0.8,0.2,9.61,1
111753,-0.69,0.33,10.19,1
111832,-1.31,0.72,10.15,1
111886,-1.09,0.44,10.15,1
111924,-0.87,0.59,10.06,1
111999,-1.43,0.48,10.02,1
112017,-1.65,0.38,10.51,1
112075,-1.52,0.21,10.49,1
112125,-1.5,0.51,10.27,1
112180,-1.2,0.48,9.99,1
112223,-0.93,0.32,9.63,1
112263,-1.44,0.97,9.45,1
112338,-1.95,0.17,10.38,1
112402,-1.25,0.16,10.03,1
112481,-1.11,-0.56,10.05,1
112521,-1.13,0.3,10.05,1
112557,-1.43,0.41,9.78,1
112626,-1.26,0.19,9.96,1
112685,-1.48,0.3,9.81,1
112790,-1.32,-0.21,10.54,1
112875,-1.62,-0.65,9.86,1
112969,-2.06,0.17,10.14,1
113130,-2.11,0.19,9.68,1
113193,-2.09,-0.28,9.9,1
113223,-1.67,-0.55,9.87,1
113270,-1.86,-0.36,10.01,1
113302,-1.86,-0.36,10.01,1
113404,-1.94,-0.59,9.96,1
113440,-2.06,-0.24,9.9,1
113517,-2.46,-0.79,9.99,1
113562,-3.36,-0.91,10.2,1
113588,-2.38,-1.02,9.9,1
113640,-2.74,-0.98,9.53,1
113704,-2.18,-0.99,9.72,1
113755,-2.02,-0.87,10.32,1
113841,-2.19,-1.31,10,1
113928,-2.15,-1.92,9.71,1
113961,-2.71,-1.84,10.19,1
114044,-1.44,-1.9,10.16,1
114102,-1.31,-2.19,10.25,1
114159,-0.83,-1.5,9.85,1
114200,-1.41,-1.88,10.2,1
114251,-1.19,-1.74,9.77,1
114320,-1.33,-1.7,9.96,1
114366,-0.67,-1.81,9.79,1
114398,-0.77,-1.78,9.69,1
114465,-0.58,-1.97,9.84,1
114523,-1.02,-1.68,10.07,1
114640,-1.24,-1.32,9.73,1
114709,-1.52,-0.96,9.7,1
114780,-2.22,-2.47,10.17,1
114851,-1.21,-2.13,10.08,1
114897,-1.12,-2.14,9.89,1
114968,0.1,-2.36,9.64,1
115039,0.17,-1.92,9.88,1
115129,-0.31,-2.4,10.08,1
115166,0.56,-1.91,10.03,1
115223,0.64,-1.79,10.12,1
115270,-0.43,-1.63,9.87,1
115350,0.2,-1.95,9.99,1
115366,0.23,-2.32,9.82,1
115431,-0.23,-1.79,9.68,1
115473,0.3,-2.35,9.58,1
115509,0.53,-1.84,9.45,1
115557,-0.1,-1.8,9.37,1
115653,0.23,-1.51,9.65,1
115713,0.47,-2.74,10.24,1
115745,0.91,-2.04,10.06,1
115811,0.2,-1.72,10.28,1
115852,0.38,-1.89,10.12,1
115929,-0.28,-1.47,9.58,1
116029,-0.09,-2.26,9.97,3
116105,0.26,-1.39,6.78,3
118439,1.86,0.64,4.53,3
118496,0.45,-0.78,9.66,3
118530,-0.42,-1.15,9.53,2
118571,-0.54,0.17,10.62,2
118639,0.16,1.03,9.48,2
132495,1.15,-0.3,11.3,2
132531,1.32,-0.23,8.73,2
132615,-0.68,-0.05,9.69,2
132681,0.06,-0.26,9.17,2
132769,-0.15,-0.28,8.39,2
132819,-0.44,0.61,8.17,2
132924,-1.29,-0.36,9.76,2
133034,0.77,0.16,9.49,2
133124,-0.96,0.48,9.81,2
133221,-0.02,0.52,8.77,2
133289,0.86,0.11,8.73,2
133369,0.6,0.39,9.3,2
133464,0.2,0.6,11.13,2
133542,1.25,0.06,10.55,2
133644,0.23,-0.22,10.86,2
133745,-0.34,-0.49,9.37,2
133852,-0.06,-0.17,9.24,2
133921,0.24,0.13,10.12,1
134006,0.43,-0.36,10.68,1
136577,0.31,-0.85,9.54,1
136658,1.31,-0.37,9.91,1
136712,-0.12,-1.14,10.35,1
136779,1.19,-0.53,9.54,1
136803,1.04,-1.53,9.87,1
136872,1.43,-1.33,8.89,1
136888,0.85,-1.05,8.68,1
136944,0.76,-1.23,8.54,1
137004,-0.63,-0.37,8.42,1
137044,0.16,0.12,9,1
137146,0.02,-0.66,10.24,1
137187,0.86,-0.1,10.18,1
137276,1.76,-0.06,9.65,1
137348,0.55,-0.47,9.92,1
137395,0.12,-1.27,10.42,2
137450,-0.4,-0.62,10.14,2
137490,0.35,-0.52,10.41,2
137573,1.57,-0.29,10.22,2
137665,-1.32,-0.65,10.16,2
149632,0.28,0.67,10.06,2
149691,0.15,0.54,11.8,2
149753,0.05,-0.14,11.3,2
149823,-0.05,0.57,9.72,2
149869,0.34,0.6,9.54,2
149931,0.02,0.55,10.63,2
149975,0.8,0.19,9.73,2
150040,0.5,0.35,8.88,2
150080,0.46,0.09,8.37,2
150140,-0.4,-0.49,8.24,2
150177,-0.25,-0.24,8.84,2
150226,-0.59,-0.37,8.95,2
150296,0.21,-1.29,9.52,2
150351,0.34,-0.81,8.96,2
150381,0.46,-1.41,10.06,2
150442,0.09,-0.2,11.83,2
150471,0.47,0.06,11.53,2
150517,0.56,0.05,9.9,2
150589,0.49,0.59,10.58,2
150629,-0.42,0.1,10.78,2
150711,-0.64,0.13,9.9,2
150749,0.69,-0.42,9.29,2
159600,1.87,-0.4,10.8,2
159649,0.39,0.13,10.04,2
159677,0.39,0.13,10.04,2
159732,1.39,-0.1,9.34,2
159804,0.95,-0.48,9.88,2
161371,0.25,-0.3,9.4,2
161421,0.28,-0.12,8.71,2
161519,0.43,-0.08,9.96,2
161578,1.27,0.3,10.12,2
161628,1.41,0.15,9.56,2
161703,0.31,0.3,10.06,2
161756,-0.29,0.03,9.95,2
161830,-0.21,0.67,9.79,2
161892,1.63,0.16,9.6,2
161977,0.27,0.39,9.18,2
162050,-0.75,-0.17,10.96,2
162094,-0.33,-0.2,9.42,2
162188,0.36,1.26,10.21,2
162283,0.53,-0.33,9.87,2
162420,0.95,-0.05,11.17,2
162481,-0.23,-0.13,11.4,2
162494,-1.49,0.16,8.7,2
162573,0.26,0.81,9.79,2
162647,-0.46,0,10.25,2
162710,-0.23,-0.27,9.49,2
162804,0.61,-0.06,10.6,2
162878,1.12,-0.25,10.92,2
162968,0.23,-0.43,9.91,2
163069,1.7,-0.04,9.37,2
163126,1.41,0.35,10,2
163204,1.69,-0.3,10.9,2
163239,1.69,-0.3,10.9,2
163343,0.39,-0.2,11.37,2
164382,0.31,1.46,8.75,2
164416,0.71,1,9.61,2
164512,-0.76,1.74,9.9,2
164588,-0.87,1.81,9.61,2
164641,-0.72,1.49,10.39,2
164693,-0.13,0.62,11.96,2
164796,1.04,1.49,10.11,2
164838,-0.18,1.47,9.74,2
164923,1.15,0.78,11.04,2
164943,1.15,0.78,11.04,2
165010,-0.3,0.79,9.39,2
165072,0.43,1.31,9.66,2
165133,0.17,1.23,9.39,2
166279,-0.23,-1.22,11.33,2
166343,-1.3,0.32,9.7,2
166362,1.6,0.48,9.45,2
166437,0.64,0.18,10.3,2
166481,-0.47,-0.05,10.38,2
166513,0.3,1.07,10.6,2
166590,0.48,-0.44,11.07,2
166660,0.11,0.83,9.53,2
166711,0.62,0.63,9.77,2
166772,-0.23,0.68,10.44,2
171886,0.38,0.5,9.81,2
171952,0.36,0.74,10.35,2
172063,-0.22,0.1,11.69,2
172119,0.48,0.07,9.77,2
172171,-0.38,0.15,10.09,2
172216,0.19,0.52,9.83,2
176904,0.07,-0.42,10.2,2
176943,-0.51,-0.65,9.04,2
177032,0.55,-0.39,10.52,2
177102,0.05,-0.42,10.94,2
177154,1.2,0.33,9.71,2
177201,1.33,-0.77,9.82,2
177262,0.36,-0.5,9.19,2
177314,-1.07,-0.07,10.28,2
180547,0.67,-0.39,10.58,2
180614,1.51,0.97,11.21,3
180658,0.75,-0.17,8.38,3
180706,2.53,-0.47,10.79,3
180753,3.07,-0.63,7.89,3
180811,2.46,-0.77,10.51,3
180882,1.64,0.4,6.09,3
180910,1.64,0.4,6.09,3
182472,0.1,-4.53,6.55,3
182529,-0.48,-0.65,9.64,3
182596,-0.39,-1.88,9.82,3
182719,-2.53,-0.86,9.77,1
182767,-0.99,-1.26,10.24,1
182848,-0.61,-1.49,10.22,1
182950,-0.38,-1.67,9.75,1
185181,-1.69,-0.59,9.56,3
185233,-1.19,-0.66,12.08,3
185333,1.15,-2.41,9.31,3
185378,1.68,-1.46,10.27,3
185438,1.58,-1.68,9.63,3
191976,-0.03,-0.77,10.9,2
192029,0.28,0.38,9.68,2
192102,0.12,0.64,9.28,2
192152,1.25,-0.31,9.98,2
192256,1.36,0.05,10.82,2
192397,0.99,0.84,9.63,2
192423,-0.58,0.52,10.29,2
197036,0.45,1.98,10.09,1
197121,0.07,1.64,10.74,1
197181,0.2,2.04,9.85,1
197233,-0.07,1.37,9.95,1
197273,-0.27,2.02,9.91,1
197328,-0.64,2.01,9.92,1
197410,0.81,2.19,9.91,1
197456,0.16,2.18,9.91,1
197535,0.04,1.44,10.66,1
197572,0.04,1.44,10.66,1
197638,0.2,1.93,9.92,1
197692,0.14,1.06,10.14,1
197749,0.55,0.97,9.46,1
197831,0.21,0.8,10.39,1
197870,-0.53,0.37,9.73,1
197934,0.03,0.6,10.27,1
197972,0.35,-0.05,10.28,1
198043,0.66,0.36,9.95,1
198130,0.13,1.28,9.64,1
198189,0.18,0.75,9.84,1
198267,0.26,0.34,10.08,1
198333,-0.06,0.5,9.68,1
198363,0.24,0.76,9.33,1
198425,0.04,0.41,10.08,1
198493,-0.33,0.58,10.18,1
198555,-0.14,0.64,9.93,1
198619,0.11,0.92,10.06,1
198667,0.37,1.08,9.78,1
198731,0.52,0.61,10.01,1
198759,0.09,0.47,10.34,1
198830,0.58,0.26,10.06,1
198904,0.3,0.63,10.2,1
198941,-0.29,0.29,10.41,1
198981,-0.22,0.94,9.78,1
199035,-0.04,0.67,10.09,1
199103,0.44,0.39,9.72,1
199146,0.28,-0.12,10,1
199166,0.28,-0.12,10,1
199221,0.01,0.09,9.97,1
199256,0.51,0.17,9.87,1
199308,-0.05,0.16,9.98,1
199335,0.46,0.16,9.66,1
199365,0.3,0.09,10.4,1
199403,0.33,-0.09,9.81,1
199444,-0.51,0.06,10.09,1
199473,-0.03,0.18,10.07,1
199528,0.12,0.2,9.91,1
199565,0.42,0.34,9.96,1
199631,0.51,0.6,9.96,1
199673,0.07,0.19,10.2,1
199714,-0.43,0.48,10.21,1
199766,-0.07,0.25,10.22,1
199804,-0.22,0.53,9.77,1
199842,0.29,0.76,10.01,1
199879,0.09,0.75,9.97,1
199915,0.19,0.6,9.84,1
199941,-0.11,0.82,9.88,1
199984,0.12,0.79,9.51,1
200018,0.08,0.61,9.74,1
200095,0.41,0.66,9.92,1
200152,-0.01,0.84,10.06,1
200227,0.2,0.94,10.01,1
200286,0.24,0.82,10.22,1
200361,0.08,0.95,10.29,1
200430,0.74,0.84,10.19,1
200462,0.19,0.96,10,1
200544,0.04,0.78,9.62,1
200584,-0.2,0.99,9.79,1
200632,0.13,0.95,9.94,1
200679,0.09,0.77,9.85,1
200736,0.35,0.81,10.19,1
200810,-0.06,0.66,10.04,1
200879,0.22,0.97,9.75,1
200921,-0.01,0.73,9.65,1
200961,0.26,0.54,9.78,1
201017,0.39,0.65,9.68,1
201085,0.04,1.01,10.05,1
201132,-0.07,0.73,10.19,1
201170,-0.07,0.73,10.19,1
201206,0.16,0.76,9.99,1
201240,0.36,1.15,9.46,1
201285,0.08,1.08,9.99,1
201343,-0.41,1.08,10.46,1
201373,0.32,0.72,10,1
201430,0.14,0.83,9.99,1
201468,0.32,0.36,10.12,1
201565,0.13,0.03,10.05,1
201620,0.23,-0.09,9.92,1
201708,0.2,-0.03,10.1,1
201721,0.13,-0.15,9.91,1
201768,0.23,-0.1,9.94,1
201804,0.07,-0.03,9.96,1
201829,0.07,-0.03,9.96,1
201891,0.23,-0.07,10.07,1
201911,-0.02,0.07,10.21,1
201945,0.08,0,10.37,1
201981,0.25,-0.05,9.95,1
202028,0.16,-0.21,9.78,3
208281,0.48,1.52,10.49,3
208329,0.55,2.49,15.53,3
208398,0.35,-0.9,9.79,3
208460,0.11,-0.34,9.66,3
209146,0.11,-0.26,10.27,3
209177,0.75,0.97,9.96,2
209228,1.22,2.44,12.1,2
209302,-0.38,0.29,8.89,2
209389,0.99,-0.08,10.69,2
209435,0.7,0.23,9.22,2
209513,0.89,-1,9.18,2
209560,0.5,-0.68,11.09,2
209871,-0.4,0.96,9.52,3
209904,0.09,0.82,9.93,3
209962,-0.04,2.39,11.74,3
210002,0.78,1.7,11.65,3
210080,0.8,-0.32,8.16,3
210132,0.07,-0.5,7.1,3
210207,0.22,-0.37,8.12,3
210265,0.2,-0.97,8.72,3
210281,0.42,-0.52,8.05,3
210338,0.02,-0.52,9.14,3
210370,0.26,0.03,11.3,1
210402,0.14,-0.36,11.18,1
210431,0.14,-0.36,11.18,1
210521,-0.23,1.83,11.47,1
210557,0.38,0.47,11.86,1
210586,0,0.2,11.09,1
210633,-0.33,-0.5,9.64,3
210664,-0.33,-0.5,8.62,3
210708,-0.54,-0.24,7.89,3
210723,0.4,-0.05,9.46,3
210795,0.6,-0.38,8.85,3
210822,0.56,-0.41,9.29,3
210880,0.18,-0.05,10.89,3
210913,0.39,-0.9,10.95,3
210995,0.47,-0.32,12,3
211069,0.55,-1.5,7.31,3
211144,0.55,-1.5,7.31,3
211181,-0.72,0.31,9.77,3
211232,-0.03,0.3,9.78,3
211269,0.78,-0.05,8.72,3
211329,0.58,2.27,10.67,3
211364,0.3,-0.48,12.87,3
211400,0.33,-1.12,10.75,3
211455,-0.46,-0.98,9.39,3
211485,0.11,-1.41,9.17,3
211509,0.11,-1.41,9.17,3
211553,0.09,0.02,10.5,3
211592,0.09,-0.12,9.49,3
211631,-0.09,0.05,10.07,3
211661,-0.3,-0.07,10.56,3
211696,0.1,-0.21,10.61,3
211732,0.37,-0.04,10.66,3
211796,0.02,0.26,11.94,3
211831,1.01,-1.14,11.88,3
211895,0.31,-2.17,5.68,3
211932,-0.63,-1.6,8.95,3
211967,0.98,-1.84,8.79,3
212000,0.6,-0.3,10.5,3
212044,0.96,-0.19,8.7,3
212083,-0.33,-0.18,9.08,3
212190,-1.07,0.91,12.43,3
212227,-0.54,2.77,13.54,3
212306,0.39,1.35,13.28,3
212362,0.27,-0.5,7.67,3
212427,0.55,0,9.2,3
212463,0.29,0.04,8.95,3
213096,-0.39,-0.88,11.46,2
213205,0.84,-0.96,8.93,2
213240,0.28,0.05,10.49,2
213282,0.28,0.05,10.49,2
213340,-0.76,-0.01,11.74,3
213384,-0.22,-0.52,10.92,3
217894,-0.56,-1.91,9.85,3
217947,0.85,-2.59,4.55,3
217981,0.05,-2.95,9.61,2
218031,-0.84,-4.01,7.98,1
218067,-0.12,-1.7,9.29,1
218123,-1.04,-1.7,9.62,1
218175,-0.43,-1.72,9.72,1
220332,0.54,-0.49,9.09,1
220378,0.64,1.12,8.61,1
220404,0.1,0.19,11,1
220433,-0.29,-0.05,10.49,2
220460,0.06,-0.67,11.01,2
220500,1.43,-0.67,10.86,2
222724,0.07,-0.24,9.99,2
222755,1.83,-1.38,7.79,2
222812,-0.09,-1.95,7.95,2
222870,-0.67,-1.28,11.55,2
222927,-0.17,-1.12,9.19,2
227858,0.97,0.02,9.82,2
227886,0.01,0.05,9.52,2
227930,1.41,1.09,11.08,2
227962,-0.36,0.15,9.65,2
227990,-0.36,0.15,11.71,2
228077,0.1,0.71,9.8,2
228142,0.14,2.64,10.22,1
231673,-0.68,0.26,10.44,1
231705,-0.85,1.15,10.75,1
231741,-0.67,0.55,11.42,1
231798,-0.99,0.01,10.74,1
231839,-1.46,0.32,9.89,1
231864,-1.28,0.4,10.52,1
231905,-0.94,0.46,9.84,1
231938,-1.54,-0.3,8.79,1
231969,-0.53,-0.23,8.84,1
232011,-0.73,0.24,9.78,1
232089,-1.47,0.49,9.57,1
232135,-1.24,0.5,10.51,2
232184,-1,-0.23,10.76,2
232219,-0.8,-0.13,11.28,2
232246,-0.49,0.1,10.98,2
232283,-0.53,0.49,10.47,2
232313,-0.53,0.49,10.47,2
232395,-0.46,1.05,8.19,2
232439,-1.04,0.7,9.83,2
232481,-2.04,0.73,10,2
232537,-1.52,0.23,10.97,2
232554,-1.57,-0.09,9.58,2
232610,-2.56,0.28,9.32,2
232630,-2.56,0.28,9.32,2
232685,-2.06,0.2,9.34,2
232730,-1.8,-0.57,10.34,2
232829,-2.22,0.2,9.21,2
232858,-1.88,0.16,10.3,2
232929,-3.09,0.03,10.98,2
232959,-1.61,0.56,11.4,2
232987,-1.61,0.56,11.4,2
233002,-3,0.01,10.66,2
233080,-2.53,-0.49,9.68,2
233102,-1.91,-0.3,10.84,2
233166,-2.89,-0.05,10.07,2
233220,-1.81,0.26,9.74,2
233263,-2.2,-0.23,9.88,2
233272,-1.83,-0.29,9.32,2
233323,-2.89,-0.78,8.58,2
233365,-2.36,-0.68,9.67,2
233393,-2.36,-0.68,9.67,2
233434,-1.92,-1.08,10.54,2
233467,-2.5,-0.63,9.68,2
233506,-2.28,0.35,10.67,2
233530,-1.77,-0.19,11.34,2
233554,-1.77,-0.19,11.34,2
233593,-1.85,-1.03,11.27,2
233630,-1.65,-0.44,10.47,2
233670,-2.69,-0.66,9.84,2
233705,-2.04,-0.77,10.25,2
233738,-2.35,-1.58,10.42,2
233777,-2.11,-0.74,9.22,2
233820,-2.13,-0.82,8.31,2
233875,-2.02,-1.22,8.85,2
233945,-1.25,-1.22,9.53,2
233990,-1.74,-1.54,11.75,2
234020,-1.74,-1.54,11.75,2
234094,-2.26,-1.28,10.95,2
234126,-0.6,-0.55,10.5,2
234169,-0.6,-0.55,10.5,2
234204,-2.12,-1.13,9.7,2
234240,-1.98,-2.46,9,2
234285,-1.69,-1.94,9.2,2
234310,-1.69,-1.94,9.2,2
234349,-1.1,-0.67,9.15,2
234415,-1.74,-1.16,10.19,2
234493,-0.93,-1.38,10.77,2
234516,-0.93,-1.38,10.77,2
234566,-1.09,-0.66,10.22,2
234596,-1.1,-0.74,10.53,2
234627,-0.64,-1,9.58,2
234674,-1.25,-1.21,8.36,2
234708,-2.29,-1.47,9.86,2
234748,-1.77,-1.85,10.19,2
234824,-0.62,-1.79,10.39,2
234857,-2.07,-1.57,10.91,2
234924,-1.42,-1.67,11.03,2
234969,-0.4,-1.26,10.15,2
235046,-1,-0.9,9.33,2
235131,-1.33,-1.21,9.37,2
235143,-2.44,-1.44,10.22,2
235292,-1.15,-1.62,11.33,2
235369,-0.57,-0.94,10.7,2
235424,-0.61,-0.89,9.54,2
235490,-1.37,-2.08,9.44,2
235556,-1.6,-0.96,9.55,2
236807,0.22,0.67,8.6,2
236838,-1.11,0.27,10.43,2
236891,-0.12,0.21,10.47,2
236912,-0.29,-0.82,9.93,2
236952,0.27,0.07,8.71,2
237019,-0.97,0.13,8.93,2
237092,-0.97,0.13,8.93,2
237188,-0.18,0.76,10.1,2
237239,-0.22,1.07,11.04,2
237308,-0.8,0.13,11.79,2
237337,-0.25,0.26,9.92,2
237378,-0.07,0.69,9.91,2
237453,-0.03,-0.1,8.75,2
237507,0.53,-0.07,9.02,2
237563,0.1,-0.46,9.63,2
237606,0.35,-0.04,9.84,2
237637,-0.46,-0.28,10.62,2
237668,-0.46,-0.28,10.62,2
237709,-0.15,0.18,9.72,2
237764,0.02,-0.36,9.97,2
237831,0.37,0.31,9.71,2
237857,-0.18,0.23,8.23,2
237892,0.86,0.35,9.31,2
237930,0.75,0.34,11.69,2
238089,0.46,0.13,8.59,2
238157,0.46,0.13,8.59,2
238257,1.15,0.74,10.19,1
238311,1.65,0.23,11.08,1
238325,-0.07,0.01,11.72,1
240416,-0.62,0.41,10.68,1
240463,0.18,0.15,10.77,1
240490,0.18,0.15,10.77,2
240507,0.1,0.5,11.54,3
240558,0.69,0.43,12.31,3
240580,0.38,0.02,11.94,3
240605,0.07,0.41,10.36,3
240639,0.15,0.16,11.02,3
240671,0.31,1.09,11.96,2
240707,-0.41,-0.06,9.21,2
240760,-1.12,-0.11,6.85,2
240776,-2.38,0.38,8.68,2
240819,-1.36,0.07,8.29,3
240847,-1.02,0.11,8.52,3
240955,-1.2,0.26,8.71,3
244795,2.39,0.39,9.56,3
244836,1.57,3.53,16.59,3
244884,2.35,0.24,8.88,3
244922,1.84,0.49,10,3
244999,1.78,0,9.76,3
246890,-1.58,-0.07,8.58,3
246934,-0.11,-0.5,5.71,3
246974,-4.75,0.7,11.35,3
247012,0.6,-0.29,14.86,3
247093,-1.22,-0.08,11.74,3
247138,-1.2,0.53,9.44,3
247186,-1.2,0.53,10.44,3
247215,-2.32,-0.73,10.75,3
247255,-0.48,0.12,9.85,2
247296,-3.31,-0.98,10.3,2
247332,-2.29,-0.45,8.36,2
247365,-1.49,0.09,7.9,2
247408,-0.47,-0.58,9.02,2
247446,-1.37,0.13,9.38,2
247498,-0.74,-0.23,10.39,2
247542,-0.84,-0.14,10.38,2
247562,-0.84,-0.14,10.38,2
247605,-0.05,-0.85,9.97,2
247634,0.36,-0.16,9.31,2
247694,-1.2,-0.69,8.73,2
247713,-2.4,-0.73,7.27,3
247737,-2.4,-0.73,7.27,3
247800,-0.99,0.86,10.74,3
247879,-3.25,-0.02,14.26,3
247912,-3.88,0.14,13.02,3
247957,-4.24,-0.27,12.1,3
248018,-0.17,0.17,9.53,3
248044,-0.76,-0.72,8.02,3
248124,1.37,-1.53,8.6,3
255264,-0.4,-0.87,12.38,3
255296,0.33,1.03,7.07,3
255360,-0.13,0.47,9.95,3
255389,-0.13,0.47,9.95,3
255413,-0.03,0.51,9.42,1
255458,-0.66,0.34,8.95,1
255510,-0.1,0.37,10.16,1
255554,-0.14,0.25,10.28,1
255588,0.13,-0.38,10.02,1
255626,0.13,-0.38,9.02,2
255667,0.15,0.03,9.77,2
255715,0.5,0.15,10.13,2
255734,0.27,0,9.93,2
267252,0.66,-1.29,10.78,2
267283,0.17,0.1,12.19,2
267329,1,-0.08,11.05,32
267373,0.68,-0.08,10.12,3
267427,0.56,-0.23,7.71,3
267459,0,-0.3,7.28,3
267509,-1.4,-0.29,9.09,3
267540,-1.09,-0.77,12.21,3
267581,-0.31,-0.83,11.1,3
269419,0.61,-2.46,9.44,2
269455,-0.3,-2.27,9.82,2
269483,0.26,-2.37,9.81,2
269511,-0.72,-2.27,9.15,2
269556,0.93,-2.47,8.04,2
269594,-1.17,-2.68,9.53,2
269640,-0.35,-2.85,11.17,2
269672,0.01,-2.75,9.65,2
269697,-0.7,-3.14,10.65,2
269735,0.26,-2.96,11.77,2
277362,0.26,-0.42,11.29,2
277393,-0.38,-1.15,10.81,2
277441,0.2,-0.02,10.05,2
277466,0.31,-0.97,9.85,2
277544,-0.9,-0.1,10.02,3
280321,1.84,-0.31,9.29,2
280339,0.43,-0.73,10.1,2
280380,0.63,-0.87,9.75,2
280430,1.69,-0.31,7.63,2
280459,1.69,-0.31,7.63,2
280480,2.32,-0.27,9.88,2
280542,1.19,-0.39,10.41,2
299392,0.33,-1.36,10.11,2
299423,1.98,-0.8,7.34,2
299448,1.98,-0.8,7.34,2
299482,1.27,-1.53,9.41,2
299516,1.58,-1.59,10.45,2
299565,1.32,-1.76,9.67,2
300393,-0.15,0.14,11.02,2
300418,0.75,0.22,7.66,2
300453,-0.64,-0.88,10.26,2
300485,-0.64,-0.88,10.26,1
300532,-0.8,-0.61,10.93,1
300560,-1.34,-0.08,10.92,1
300618,-0.09,0.06,10.11,1
307294,0.5,-0.06,10.62,1
307316,0.5,-0.06,10.62,1
307356,0.14,0.22,10.42,1
307426,1.07,0.38,9.72,3
307486,0.43,0.67,6.21,3
307511,0.49,0.07,6,3
307580,2,2.37,14.52,3
307617,2.6,0.3,11.96,3
307644,2.6,0.3,11.96,3
307674,-0.19,-0.98,11.79,3
307731,6.63,2.51,9.21,3
307766,0.35,1.91,10.93,3
307799,-0.67,1.47,9.14,2
307824,-0.67,1.47,9.14,2
307843,1.47,2.21,8.12,2
307894,-2.18,1.25,8.04,2
307973,-0.81,1.22,8.81,2
308015,-0.35,1.1,10.01,2
308124,0.79,1.61,10.5,2
308238,1.13,0.18,10.58,2
308309,1.17,-0.25,10.55,2
308390,0.21,-0.49,8.86,2
308461,1.21,0.66,10.61,2
308559,1.67,-0.52,9.18,2
308613,0.67,-0.14,9.24,2
308694,-0.77,-0.05,10.09,2
308762,-0.43,-0.49,8.97,2
310826,0.74,-0.01,9.18,3
310857,0.7,0.14,8.78,3
310920,0.36,-0.18,9.74,3
310996,-0.73,-0.43,11.86,3
311006,-0.73,-0.43,11.86,3
311049,0.22,-0.71,11.97,3
311105,0.22,-0.71,11.97,3
311124,-0.26,-0.47,8.53,3
311153,-0.26,-0.47,8.53,3
311218,0.21,-0.81,11.96,3
311245,-0.23,-1.45,11.7,2
311261,1.43,-0.64,10.2,2
311289,1.19,-0.37,10.13,2
311340,2.39,0.29,10.21,2
311370,2.24,0.23,11.77,2
311437,1.2,-0.25,12.09,2
311463,1.2,-0.25,13.12,3
311490,0.83,-1.15,8.61,3
311555,0.29,0.03,7.74,3
311580,-0.81,-1.5,9.39,3
311612,-1.43,-0.94,8.78,3
311641,-1.1,-1.66,8.7,3
311675,0.9,0.77,6.45,3
311715,-0.67,-1.59,10.71,3
311771,-0.19,-1.07,8.5,3
311800,-0.19,-1.07,8.5,2
311837,-0.08,-0.81,8.61,2
311875,-0.99,-1.02,8.94,2
311909,-0.72,-0.95,8.71,2
311972,-0.32,-1.11,10.5,2
311986,-0.2,-0.67,10.27,2
312025,0.2,-1.5,11.36,2
312122,-3.54,-2.27,11.88,2
312155,5.43,0.56,12.07,2
312207,1.91,0.59,12.43,2
312261,0.75,-1.16,9.4,2
312287,-0.61,-0.56,9.14,2
312845,-0.68,-0.25,8.32,2
312879,-0.68,-0.25,8.32,2
312916,-0.71,-1.25,8.3,2
312978,-0.9,-1.22,11,3
313018,1.03,-1.68,11.86,3
313094,1.03,-1.68,11.86,3
313137,-0.82,-1.57,11.57,3
313179,1.61,-1.14,11.39,3
315187,-0.34,-0.27,10.08,3
315205,1.39,-0.25,9.09,3
315249,0.58,-0.47,6.91,3
315326,0.28,-0.33,10.84,3
315361,-0.19,-0.4,10.87,3
315410,0.08,0.21,10.35,3
315445,-0.44,0.4,9.79,1
315469,-0.44,0.4,9.79,1
315539,-0.21,-0.65,10.09,1
315600,-0.65,0.14,9.3,1
315641,-1.41,-0.14,10.46,3
315679,0.09,-0.72,7.43,3
315737,0.13,-0.15,10.88,3
315792,-0.02,-0.34,10.24,3
315821,-0.74,-0.42,10.16,3
315862,0.63,-0.57,7.19,3
315897,0.2,-0.17,10.01,3
324190,-0.17,-2.01,10.43,3
324265,0.02,-1.04,6.75,3
324355,0.85,0.74,9.99,3
324375,0.17,-0.01,10.46,3
324432,0.77,-0.67,9.17,3
324478,0.05,0.73,11.8,3
324518,1.76,-0.03,12.23,3
324551,1.87,-0.1,10.16,3
324600,1.33,0.3,9.41,2
324627,0.67,-0.56,9.93,2
324674,0.86,0.73,12.13,2
324705,0.86,0.73,12.13,2
324783,0.07,-0.03,10.03,2
324824,0.19,-0.44,10.56,2
324864,0.4,-0.56,9.33,3
324909,-0.08,-0.25,9.05,3
324943,-0.16,0.1,9.19,3
325008,0.81,-0.52,11.29,2
325041,-0.08,-0.44,7.99,2
325158,-0.08,-0.44,7.99,2
325266,-0.31,-0.68,10.38,2
325321,0.61,-1.75,9.89,2
325362,0.12,-1.37,9.18,2
325393,0.3,-0.99,10.27,2
325439,0.43,-0.4,10.91,2
326183,0.52,-2.14,11.59,2
326206,1.12,-2.36,10.87,2
326306,-0.04,-2.1,9.33,2
326344,-0.37,-2.06,9.59,2
326381,-0.6,-3.07,9.64,2
326434,0.07,-1.98,7.86,2
326479,-0.26,-2.75,9.48,2
326507,-0.27,-2.52,9.91,2
326547,1.38,-1.49,9.42,3
326578,1.09,-0.49,7.63,3
326624,1.36,-1.3,10.35,3
326672,1.39,-0.65,11.43,3
331736,0.67,-0.03,10.24,2
331777,0.7,-0.4,10.61,2
331834,0.61,-0.72,9.64,2
331879,0.45,-0.92,9.83,2
331937,0.53,0.86,9.85,2
331992,0.03,0.85,7.52,2
332029,0.44,0.68,9.8,2
332104,0.05,0.05,10.61,2
336333,-0.65,-0.07,10.8,3
336377,0.11,-0.87,11.93,3
336428,0.78,-1.86,8.17,3
336475,-0.04,-1.9,4.36,3
336516,-0.5,-0.62,10.58,3
336555,0.01,-0.76,12.28,3
336603,-2.71,-1.03,12.02,3
336656,0.77,-0.47,9.93,3
336692,1.02,-0.26,9.29,3
336762,0.79,0.2,10.42,3
336796,0.3,-0.02,6.69,3
336825,1.39,-1.29,11.16,3
336868,1.36,-0.66,7.93,3
336909,1.19,-0.76,11,1
336968,1.31,-1.09,10.7,1
337038,1.31,-1.09,10.7,1
337107,0.33,-1.64,10.39,1
337135,0.12,-0.99,10.18,3
337180,-0.26,-1.26,10.36,2
337223,-0.48,-1.64,10.8,2
337291,-0.82,-1.22,10.69,2
337352,0.59,0.31,8.04,2
337394,-0.47,-0.13,10.25,2
337421,0.8,-0.62,9.17,2
337498,0.98,-0.66,8.42,2
337570,1.56,-0.64,11.39,3
337599,0.95,-2.56,8.31,3
337662,1.06,-2.93,5.3,3
337740,1.25,-2.32,9.88,3
337765,0.71,-2.02,9.55,2
337816,0.27,-1.51,11.22,2
337866,-0.14,-0.83,10.6,2
337911,0.14,-1.08,10.62,2
339589,1.22,-2.46,10.24,2
339642,1.08,-1.18,10.47,2
339724,-0.25,-1.44,9.86,2
339764,-0.26,-1.82,10,2
339837,-0.28,-1.02,7.82,2
339918,-0.81,-1.03,10.76,2
339949,-1.19,-0.72,10.22,2
340002,-0.88,0.47,9.87,2
340105,-0.17,-0.62,10.71,2
340189,-1.24,-0.03,10.58,2
341683,0.94,-1.68,8.8,2
341736,0.16,-1.43,10.14,2
341766,1.65,-2.67,10.29,2
341803,1.19,-3.08,11.59,2
341865,2.19,-1.41,9.15,2
341915,-0.56,-1.63,9.8,2
342635,1.54,-1.2,10.29,2
342673,1.25,-0.02,8.57,2
342719,0.23,-0.27,9.14,2
342767,0.03,0.33,8.66,2
342835,-0.59,0.31,11.37,2
342867,1.35,0.52,10.14,2
342912,1.17,0.24,10.45,2
342968,1.31,0.94,7.33,2
343007,-0.21,0.4,9.99,2
343093,1.61,-0.44,7.17,3
343093,1.61,-0.44,7.93,3
343093,1.61,-0.44,7.23,3
343093,1.61,-0.44,8.64,3
343093,1.61,-0.44,7.49,3
343093,1.61,-0.44,7.17,3
343093,1.61,-0.44,7.53,3
343093,1.61,-0.44,7.73,3
343093,1.61,-0.44,7.34,3
343093,1.61,-0.44,7.49,3
343093,1.61,-0.44,8.77,3
343093,1.61,-0.44,7.83,3
343093,1.61,-0.44,7.93,3
343093,1.61,-0.44,7.64,3
343093,1.61,-0.44,7.49,3
343093,1.61,-0.44,10.93,1
343093,1.61,-0.44,11.53,1
343093,1.61,-0.44,11.73,1
343093,1.61,-0.44,11.23,1
343093,1.61,-0.44,11.53,1
343093,1.61,-0.44,11.64,1
343093,1.61,-0.44,11.73,1
343093,1.61,-0.44,10.93,3
343093,1.61,-0.44,11.47,3
343093,1.61,-0.44,10.74,3
343093,1.61,-0.44,11.13,3
343093,1.61,-0.44,11.63,3
343093,1.61,-0.44,11.25,3
343093,1.61,-0.44,11.01,3
343093,1.61,-0.44,11.93,3