time,magneticHeading,action
76712,260.66,2
76719,260.66,2
76742,260.66,2
76800,260.794,2
76864,261.12,2
76910,261.438,2
76920,261.438,2
76961,261.537,2
76995,261.567,2
77058,261.564,2
77096,261.535,2
77130,261.48,2
77164,261.416,2
77196,261.416,2
77241,261.351,2
77256,261.23,2
77291,261.23,2
77302,261.193,2
77330,261.193,2
77372,261.155,2
77419,261.101,2
77453,261.068,2
77494,261.013,2
77542,260.96,2
77569,260.96,2
77614,260.874,2
77660,260.863,2
77692,260.832,2
77754,260.952,2
77799,261.004,2
77831,261.056,2
77876,261.056,2
77911,261.115,2
77937,261.112,2
77963,261.112,2
77985,261.129,2
78010,261.129,2
78040,261.276,2
78077,261.341,2
78105,261.341,2
78143,261.346,2
78175,261.343,2
78223,261.371,2
78263,261.402,2
78296,261.392,2
78325,261.394,2
78375,261.394,2
78403,261.324,2
78462,261.292,2
78490,261.251,2
78518,261.234,2
78565,261.17,2
78583,261.17,2
78645,261.07,2
78676,261.07,2
78691,261.037,2
78721,261.037,2
78750,260.99,2
78798,260.97,2
78861,260.939,2
78916,260.885,2
78934,260.885,2
78961,260.888,2
79046,260.883,2
79094,260.882,2
79133,260.873,2
79167,260.87,2
79252,260.883,2
79294,260.871,2
79340,260.843,2
79375,260.822,2
79398,260.822,2
79448,260.807,2
79492,260.778,2
79546,260.76,2
79582,260.717,2
79614,260.717,2
79651,260.689,2
79691,260.669,2
79706,260.669,2
79737,260.67,2
79753,260.676,2
79785,260.681,2
79813,260.681,2
79833,260.681,2
79862,260.683,2
79898,260.683,2
79945,260.702,2
79996,260.715,2
80047,260.715,2
80063,260.715,2
80094,260.708,2
80116,260.708,2
80144,260.697,2
80183,260.693,2
80200,260.693,2
80244,260.706,2
80294,260.719,2
80372,260.704,2
80410,260.697,2
80456,260.687,2
80477,260.687,2
80503,260.675,2
80559,260.673,2
80582,260.673,2
80641,260.651,2
80671,260.651,2
80699,260.651,2
80737,260.654,2
80752,260.654,2
80788,260.659,2
80798,260.659,2
80831,260.661,2
80882,260.651,2
80920,260.644,2
80946,260.643,2
80987,260.64,2
81008,260.646,2
81043,260.651,2
81088,260.669,2
81119,260.669,2
81164,260.685,2
81187,260.714,2
81233,260.744,2
81276,260.764,2
81346,260.803,2
81413,260.836,2
81454,260.853,2
81510,260.868,2
81548,260.896,2
81600,260.92,2
81647,260.963,2
81695,260.986,2
81732,261.005,2
81768,261.014,2
81829,261.025,2
81857,261.031,2
81904,261.029,2
81935,261.018,2
81972,261.006,2
82002,261.006,2
82018,261.006,2
82063,261.024,2
82083,261.038,2
82122,261.041,2
82159,261.041,2
82208,261.042,2
82248,261.04,2
82299,261.045,2
82365,261.045,2
82390,261.043,2
82438,261.038,2
82464,261.038,2
82483,261.036,2
82513,261.036,2
82524,261.042,2
82577,261.041,2
82610,261.04,2
82623,261.04,2
82647,261.038,2
82713,261.045,2
82747,261.049,2
82787,261.052,2
82805,261.049,2
82838,261.044,2
82893,261.043,2
82944,261.04,2
82954,261.04,2
82989,261.026,2
83003,261.026,2
83033,261.014,2
83071,261.012,2
83086,261.012,2
83124,261.029,2
83143,261.029,2
83195,261.037,2
83250,261.043,2
83306,261.041,2
83366,261.038,2
83426,261.033,2
83459,261.02,2
83489,261.018,2
83527,261.016,2
83553,261.015,2
83575,261.015,2
83649,261.017,2
83682,261.012,2
83711,261.012,2
83721,261.012,2
83755,261.003,2
83779,260.996,2
83820,260.996,2
83852,260.994,2
83885,260.983,2
83918,260.979,2
83955,260.975,2
83988,260.973,2
84029,260.967,2
84079,260.961,2
84121,260.966,2
84236,260.978,2
84286,260.981,2
84336,260.976,2
84386,260.971,2
84401,260.963,2
84443,260.963,2
84488,260.961,2
84523,260.957,2
84565,260.957,2
84577,260.957,2
84618,260.957,2
84664,260.955,2
84672,260.955,2
84716,260.954,2
84758,260.958,2
84839,260.963,2
84900,260.964,2
84961,260.947,2
84992,260.947,2
85065,260.951,2
85123,260.952,2
85160,260.942,2
85185,260.941,2
85237,260.935,2
85273,260.93,2
85332,260.921,2
85363,260.926,2
85380,260.926,2
85432,260.928,2
85480,260.924,2
85524,260.916,2
85551,260.909,2
85588,260.911,2
85605,260.911,2
85643,260.896,2
85683,260.89,2
85721,260.892,2
85760,260.887,2
85781,260.884,2
85822,260.876,2
85867,260.877,2
85905,260.877,2
85934,260.889,2
85952,260.886,2
85999,260.866,2
86036,260.846,2
86066,260.846,2
86107,260.844,2
86139,260.832,2
86166,260.829,2
86205,260.815,2
86255,260.794,2
86277,260.787,2
86310,260.779,2
86334,260.779,2
86349,260.77,2
86383,260.77,2
86418,260.766,2
86469,260.762,2
86528,260.758,2
86562,260.79,2
86593,260.79,2
86612,260.883,2
86676,261.17,2
86709,261.327,2
86718,261.327,2
86776,261.612,2
86818,261.795,2
86864,262.079,2
86897,262.37,2
86919,262.37,2
86948,262.693,2
87010,262.97,2
87056,263.215,2
87113,263.729,2
87130,263.729,2
87204,263.938,2
87220,263.938,2
87248,263.969,2
87270,263.969,2
87316,263.954,2
87360,263.859,2
87411,263.754,2
87435,263.662,2
87469,263.504,2
87503,263.504,2
87548,263.402,2
87585,263.224,2
87609,263.113,2
87650,262.982,2
87685,262.982,2
87722,262.892,2
87788,262.781,2
87807,262.9,2
87832,262.969,2
87862,262.969,2
87877,262.969,2
87913,262.882,2
87947,262.609,2
88009,261.963,2
88056,262.061,2
88089,262.167,2
88124,262.167,2
88166,262.18,2
88210,262.023,2
88241,261.979,2
88263,261.979,2
88296,262.087,2
88312,262.087,2
88338,262.212,2
88353,262.212,2
88402,262.35,2
88475,262.417,2
88520,262.482,2
88574,262.575,2
88660,262.732,2
88688,262.742,2
88709,262.742,2
88733,262.718,2
88789,262.717,2
88817,262.753,2
88860,262.791,2
88883,262.765,2
88930,262.714,2
88990,262.651,2
89031,262.554,2
89075,262.507,2
89109,262.485,2
89146,262.481,2
89193,262.483,2
89234,262.518,2
89281,262.55,2
89325,262.576,2
89349,262.576,2
89388,262.617,2
89412,262.636,2
89434,262.636,2
89471,262.639,2
89494,262.641,2
89547,262.655,2
89573,262.655,2
89600,262.72,2
89649,262.763,2
89689,262.796,2
89709,262.796,2
89749,262.828,2
89783,262.84,2
89827,262.872,2
89881,262.901,2
89946,262.926,2
89979,262.926,2
90020,262.852,2
90060,262.812,2
90090,262.769,2
90132,262.746,2
90158,262.746,2
90176,262.705,2
90206,262.645,2
90227,262.645,2
90263,262.559,2
90299,262.418,2
90360,262.134,2
90402,262.053,2
90443,261.918,2
90469,261.918,2
90540,261.603,2
90564,261.603,2
90595,261.37,2
90620,261.151,2
90669,261.029,2
90706,260.986,2
90741,260.98,2
90782,260.952,2
90830,260.812,2
90875,260.671,2
90949,260.258,2
91021,260.13,2
91034,260.094,2
91065,260.11,2
91103,260.11,2
91136,260.121,2
91176,260.144,2
91212,260.155,2
91232,260.155,2
91269,260.2,2
91309,260.219,2
91339,260.286,2
91355,260.359,2
91385,260.359,2
91423,260.424,2
91454,260.533,2
91469,260.588,2
91500,260.588,2
91529,260.659,2
91552,260.659,2
91584,260.692,2
91611,260.717,2
91626,260.717,2
91652,260.786,2
91690,260.786,2
91721,260.895,2
91773,261.04,2
91819,261.12,2
91845,261.17,2
91878,261.17,2
91943,261.35,2
91985,261.485,2
92001,261.485,2
92033,261.655,2
92057,261.857,2
92078,261.857,2
92108,262.089,2
92133,262.349,2
92168,262.534,2
92200,262.72,2
92228,262.72,2
92259,263.002,2
92321,263.286,2
92355,263.286,2
92367,263.733,2
92400,263.733,2
92430,263.973,2
92458,264.175,2
92492,264.175,2
92548,264.407,2
92579,264.457,2
92610,264.493,2
92653,264.49,2
92725,264.443,2
92761,264.343,2
92774,264.241,2
92814,264.241,2
92832,264.15,2
92875,264.023,2
92901,264.023,2
92925,263.984,2
92940,263.984,2
92971,263.921,2
92997,263.921,2
93031,263.895,2
93061,263.854,2
93070,263.854,2
93101,263.832,2
93128,263.832,2
93160,263.787,2
93189,263.742,2
93204,263.742,2
93232,263.688,2
93258,263.688,2
93273,263.639,2
93299,263.639,2
93329,263.561,2
93358,263.561,2
93386,263.517,2
93401,263.517,2
93434,263.436,2
93463,263.399,2
93494,263.312,2
93529,263.312,2
93565,263.228,2
93611,263.158,2
93647,263.107,2
93699,263.046,2
93743,263.005,2
93794,262.941,2
93844,262.924,2
93891,262.908,2
93929,262.873,2
93964,262.85,2
93991,262.84,2
94014,262.821,2
94042,262.787,2
94065,262.787,2
94107,262.749,2
94136,262.687,2
94169,262.663,2
94206,262.663,2
94243,262.643,2
94286,262.611,2
94314,262.575,2
94353,262.531,2
94389,262.531,2
94408,262.438,2
94435,262.438,2
94451,262.404,2
94485,262.404,2
94519,262.357,2
94546,262.352,2
94586,262.359,2
94605,262.359,2
94620,262.373,2
94659,262.373,2
94690,262.396,2
94703,262.396,2
94734,262.397,2
94761,262.219,2
94776,262.219,2
94803,262.178,2
94834,262.178,2
94844,262.178,2
94880,262.073,2
94919,262.02,2
94989,261.951,2
95016,261.951,2
95059,261.963,2
95091,261.977,2
95112,261.977,2
95139,261.927,2
95179,261.907,2
95215,261.826,2
95231,261.826,2
95266,261.769,2
95277,261.769,2
95318,261.704,2
95360,261.672,2
95381,261.673,2
95406,261.673,2
95427,261.674,2
95461,261.66,2
95474,261.66,2
95525,261.639,2
95536,261.623,2
95562,261.623,2
95604,261.557,2
95622,261.557,2
95648,261.557,2
95680,261.509,2
95723,261.472,2
95758,261.453,2
95778,261.453,2
95811,261.448,2
95835,261.448,2
95858,261.457,2
95886,261.475,2
95914,261.475,2
95933,261.525,2
95984,261.559,2
95998,261.559,2
96035,261.597,2
96106,261.635,2
96163,261.655,2
96214,261.668,2
96244,261.687,2
96268,261.687,2
96296,261.727,2
96331,261.747,2
96363,261.747,2
96375,261.747,2
96395,261.782,2
96459,261.802,2
96479,261.822,2
96503,261.838,2
96530,261.838,2
96559,261.851,2
96590,261.851,2
96607,261.869,2
96636,261.88,2
96650,261.88,2
96679,261.894,2
96710,261.914,2
96721,261.914,2
96753,261.934,2
96784,261.941,2
96812,261.941,2
96833,261.944,2
96864,261.944,2
96874,261.952,2
96905,261.952,2
96935,261.969,2
96965,261.975,2
96993,261.975,2
97043,261.982,2
97079,261.986,2
97111,261.992,2
97138,261.993,2
97165,261.993,2
97186,262.006,2
97216,262.006,2
97261,262.025,2
97286,262.04,2
97302,262.04,2
97330,262.07,2
97357,262.07,2
97389,262.074,2
97402,262.074,2
97437,262.067,2
97463,262.053,2
97479,262.053,2
97509,262.053,2
97528,262.053,2
97566,262.058,2
97581,262.058,2
97606,262.058,2
97627,262.058,2
97661,262.057,2
97670,262.057,2
97696,262.07,2
97737,262.069,2
97772,262.069,2
97810,262.059,2
97819,262.032,2
97852,262.032,2
97886,262.002,2
97914,261.987,2
97929,261.987,2
97955,262.004,2
97984,262.004,2
97994,262.034,2
98026,262.034,2
98060,262.024,2
98087,262.024,2
98103,262.02,2
98134,262.03,2
98165,262.03,2
98199,262.065,2
98227,262.084,2
98246,262.084,2
98299,262.078,2
98331,262.077,2
98367,262.091,2
98396,262.115,2
98432,262.115,2
98460,262.199,2
98482,262.199,2
98516,262.207,2
98554,262.203,2
98579,262.175,2
98624,262.158,2
98697,262.155,2
98736,262.142,2
98783,262.15,2
98801,262.15,2
98826,262.165,2
98853,262.18,2
98879,262.18,2
98918,262.208,2
98959,262.23,2
98981,262.257,2
99014,262.257,2
99049,262.262,2
99095,262.249,2
99137,262.237,2
99160,262.237,2
99191,262.195,2
99200,262.195,2
99230,262.197,2
99261,262.197,2
99279,262.196,2
99317,262.194,2
99355,262.192,2
99408,262.206,2
99447,262.224,2
99489,262.241,2
99516,262.241,2
99557,262.26,2
99607,262.261,2
99633,262.239,2
99651,262.239,2
99683,262.232,2
99716,262.236,2
99741,262.236,2
99775,262.233,2
99819,262.215,2
99871,262.186,2
99896,262.172,2
99937,262.172,2
99942,262.172,2
99988,262.236,2
100022,262.25,2
100051,262.25,2
100071,262.248,2
100102,262.248,2
100128,262.235,2
100157,262.207,2
100193,262.207,2
100228,262.189,2
100262,262.19,2
100301,262.216,2
100359,262.302,2
100391,262.343,2
100406,262.343,2
100451,262.416,2
100502,262.478,2
100532,262.577,2
100571,262.675,2
100595,262.675,2
100626,262.773,2
100650,262.871,2
100680,262.871,2
100714,263.018,2
100742,263.018,2
100790,263.129,2
100816,263.129,2
100857,263.158,2
100865,263.158,2
100903,263.186,2
100942,263.209,2
100976,263.222,2
101004,263.222,2
101040,263.211,2
101067,263.188,2
101101,263.163,2
101128,263.163,2
101165,263.125,2
101200,263.105,2
101231,263.092,2
101263,263.092,2
101297,263.09,2
101333,263.091,2
101383,263.085,2
101432,263.083,2
101471,263.081,2
101498,263.081,2
101521,263.07,2
101564,263.052,2
101592,263.027,2
101605,263.027,2
101635,263.003,2
101663,263.003,2
101679,263.003,2
101707,262.987,2
101731,262.98,2
101760,262.978,2
101775,262.978,2
101807,262.983,2
101841,262.981,2
101851,262.981,2
101878,262.967,2
101910,262.95,2
101922,262.95,2
101943,262.95,2
101976,262.929,2
102000,262.911,2
102035,262.911,2
102074,262.894,2
102109,262.88,2
102150,262.86,2
102189,262.841,2
102209,262.812,2
102294,262.737,2
102323,262.677,2
102350,262.677,2
102386,262.639,2
102418,262.581,2
102448,262.581,2
102481,262.545,2
102512,262.531,2
102528,262.531,2
102557,262.526,2
102566,262.526,2
102601,262.5,2
102628,262.48,2
102657,262.48,2
102682,262.436,2
102698,262.436,2
102734,262.398,2
102764,262.398,2
102778,262.348,2
102800,262.348,2
102834,262.309,2
102859,262.295,2
102889,262.295,2
102899,262.292,2
102933,262.292,2
102967,262.291,2
103023,262.291,2
103068,262.269,2
103107,262.236,2
103144,262.158,2
103191,262.158,2
103228,262.14,2
103259,262.14,2
103272,262.136,2
103296,262.136,2
103330,262.121,2
103364,262.106,2
103391,262.069,2
103409,262.069,2
103436,262.03,2
103464,262.03,2
103484,262.009,2
103508,262.009,2
103533,261.99,2
103568,261.978,2
103587,261.95,2
103614,261.95,2
103644,261.931,2
103672,261.907,2
103707,261.895,2
103738,261.895,2
103751,261.879,2
103780,261.879,2
103812,261.853,2
103844,261.831,2
103862,261.831,2
103894,261.834,2
103919,261.834,2
103954,261.863,2
103981,261.863,2
104006,261.876,2
104035,261.899,2
104075,261.899,2
104101,261.922,2
104139,261.942,2
104185,261.946,2
104232,261.948,2
104264,261.914,2
104300,261.874,2
104332,261.858,2
104363,261.84,2
104390,261.804,2
104404,261.804,2
104432,261.778,2
104466,261.778,2
104491,261.738,2
104506,261.738,2
104536,261.7,2
104546,261.7,2
104580,261.67,2
104935,261.488,2
105104,261.419,2
105117,261.392,2
105162,261.37,2
105182,261.37,2
105195,261.336,2
105226,261.336,2
105255,261.306,2
105290,261.288,2
105304,261.288,2
105329,261.274,2
105344,261.252,2
105388,261.215,2
105397,261.215,2
105428,261.192,2
105453,261.192,2
105484,261.166,2
105500,261.166,2
105519,261.156,2
105546,261.156,2
105645,261.16,2
105658,261.171,2
105672,261.171,2
105708,261.186,2
105780,261.221,2
105817,261.239,2
105832,261.273,2
105865,261.273,2
105893,261.299,2
105902,261.299,2
105936,261.341,2
105985,261.383,2
106016,261.427,2
106029,261.427,2
106081,261.476,2
106121,261.572,2
106165,261.615,2
106210,261.684,2
106246,261.733,2
106290,261.818,2
106305,261.818,2
106331,261.905,2
106356,261.905,2
106400,261.996,2
106442,262.087,2
106451,262.169,2
106479,262.221,2
106507,262.271,2
106537,262.271,2
106561,262.339,2
106577,262.339,2
106607,262.381,2
106622,262.381,2
106651,262.441,2
106679,262.498,2
106772,262.545,2
106794,262.577,2
106829,262.614,2
106869,262.627,2
106905,262.646,2
106927,262.646,2
106952,262.646,2
106975,262.665,2
107024,262.7,2
107039,262.732,2
107115,262.753,2
107140,262.761,2
107161,262.756,2
107181,262.756,2
107200,262.746,2
107254,262.738,2
107289,262.728,2
107322,262.722,2
107363,262.713,2
107368,262.713,2
107402,262.707,2
107419,262.707,2
107453,262.704,2
107473,262.704,2
107499,262.697,2
107524,262.7,2
107551,262.704,2
107580,262.704,2
107614,262.706,2
107642,262.703,2
107655,262.703,2
107686,262.698,2
107696,262.698,2
107734,262.693,2
107780,262.689,2
107817,262.683,2
107893,262.673,2
107912,262.669,2
107943,262.659,2
107980,262.659,2
108018,262.656,2
108100,262.661,2
108137,262.663,2
108149,262.663,2
108185,262.654,2
108212,262.643,2
108234,262.638,2
108273,262.628,2
108298,262.628,2
108341,262.62,2
108354,262.62,2
108380,262.61,2
108415,262.604,2
108425,262.604,2
108461,262.607,2
108500,262.607,2
108553,262.608,2
108594,262.604,2
108640,262.603,2
108657,262.603,2
108666,262.601,2
108695,262.601,2
108756,262.6,2
108775,262.594,2
108804,262.584,2
108818,262.584,2
108865,262.567,2
108910,262.556,2
108953,262.562,2
109009,262.563,2
109034,262.563,2
109082,262.559,2
109110,262.552,2
109144,262.552,2
109181,262.538,2
109209,262.52,2
109248,262.51,2
109286,262.499,2
109316,262.499,2
109327,262.499,2
109360,262.499,2
109391,262.509,2
109417,262.509,2
109463,262.516,2
109490,262.516,2
109518,262.516,2
109549,262.514,2
109582,262.524,2
109609,262.55,2
109625,262.55,2
109650,262.586,2
109679,262.63,2
109710,262.657,2
109732,262.657,2
109755,262.657,2
109779,262.687,2
109812,262.725,2
109841,262.748,2
109878,262.748,2
109913,262.834,2
109946,262.834,2
109971,262.834,2
109997,262.869,2
110044,262.897,2
110080,262.92,2
110111,262.932,2
110142,262.932,2
110166,262.958,2
110195,262.978,2
110221,262.978,2
110262,263.006,2
110289,263.035,2
110315,263.035,2
110355,263.065,2
110372,263.092,2
110400,263.092,2
110435,263.126,2
110469,263.146,2
110494,263.146,2
110517,263.178,2
110560,263.197,2
110588,263.221,2
110616,263.221,2
110644,263.221,2
110675,263.238,2
110708,263.252,2
110747,263.268,2
110779,263.281,2
110820,263.307,2
110863,263.327,2
110880,263.368,2
110929,263.399,2
110980,263.44,2
111015,263.473,2
111034,263.473,2
111050,263.502,2
111085,263.502,2
111115,263.531,2
111145,263.591,2
111176,263.591,2
111208,263.635,2
111236,263.732,2
111251,263.732,2
111288,263.815,2
111325,263.969,2
111374,264.15,2
111403,264.15,2
111433,264.361,2
111460,264.829,2
111494,264.829,2
111536,264.998,2
111568,265.182,2
111607,265.49,2
111635,265.712,2
111679,266.083,2
111726,266.491,2
111807,266.941,2
111864,268.243,2
111916,268.597,2
111931,268.597,3
111965,269.151,3
112014,269.541,3
112040,270.158,3
112084,270.786,3
112118,270.786,3
112159,271.415,3
112195,272.06,3
112229,273.216,3
112275,273.701,3
112301,273.701,3
112344,274.456,3
112386,274.972,3
112410,275.771,3
112441,276.594,3
112458,276.594,3
112496,277.443,3
112502,277.443,3
112530,278.324,3
112564,278.324,3
112592,279.863,3
112609,279.863,3
112642,280.495,3
112692,281.461,3
112742,282.123,3
112782,283.141,3
112824,284.182,3
112870,285.24,3
112923,286.682,3
112961,287.792,3
113003,288.928,3
113045,290.078,3
113090,290.855,3
113122,292.043,3
113186,293.262,3
113233,294.537,3
113265,296.759,3
113286,296.759,3
113310,298.118,3
113342,298.118,3
113359,299.024,3
113397,300.397,3
113429,301.328,3
113462,301.328,3
113480,302.744,3
113528,304.188,3
113568,305.643,3
113601,305.643,3
113651,307.131,3
113696,308.656,3
113768,312.862,3
113835,313.925,3
113847,315.528,3
113875,316.593,3
113920,318.199,3
113987,319.814,3
114030,321.405,3
114071,322.966,3
114118,325.484,3
114153,325.484,3
114175,326.449,3
114212,327.841,3
114239,328.742,3
114272,328.742,3
114318,330.033,3
114378,332.41,3
114403,332.41,3
114437,333.513,3
114461,334.564,3
114488,335.242,3
114514,335.905,3
114548,335.905,3
114570,336.898,3
114600,336.898,3
114660,338.586,3
114716,339.617,3
114726,339.617,3
114765,340.651,3
114815,341.703,3
114831,343.51,3
114859,343.51,3
114886,344.22,3
114916,344.22,3
114952,345.222,3
114992,345.84,3
115012,346.696,2
115046,347.456,2
115081,347.456,2
115121,348.114,2
115163,349.104,2
115175,349.104,2
115207,349.359,2
115231,349.359,2
115251,349.586,2
115279,349.889,2
115316,349.889,2
115325,350.076,2
115359,350.076,2
115383,350.349,2
115421,350.6,2
115464,350.847,2
115499,351.1,2
115554,351.265,2
115603,351.666,2
115651,351.851,2
115666,351.851,2
115729,352.084,2
115750,352.084,2
115768,352.202,2
115818,352.313,2
115858,352.422,2
115899,352.517,2
115935,352.602,2
115946,352.602,2
115984,352.63,2
116022,352.714,2
116064,352.762,2
116099,352.827,2
116125,352.827,2
116172,352.877,2
116197,352.905,2
116251,352.932,2
116284,352.964,2
116316,352.979,2
116351,352.979,2
116392,353.021,2
116398,353.021,2
116435,353.04,2
116470,353.062,2
116515,353.082,2
116553,353.107,2
116581,353.12,2
116621,353.12,2
116658,353.12,2
116690,353.096,2
116700,353.096,2
116749,353.08,2
116784,353.076,2
116821,353.073,2
116864,353.077,2
116888,353.077,2
116901,353.065,2
116932,353.065,2
116972,353.051,2
117020,353.029,2
117062,353.023,2
117103,353.015,2
117161,353.003,2
117191,352.979,2
117223,352.966,2
117246,352.966,2
117272,352.963,2
117310,352.95,2
117328,352.95,2
117357,352.938,2
117373,352.928,2
117405,352.925,2
117438,352.925,2
117445,352.921,2
117527,352.895,2
117590,352.889,2
117623,352.868,2
117664,352.848,2
117681,352.848,2
117719,352.836,2
117749,352.822,2
117786,352.811,2
117823,352.799,2
117864,352.784,2
117895,352.758,2
117929,352.736,2
117960,352.736,2
117990,352.726,2
118002,352.726,2
118043,352.722,2
118063,352.728,2
118083,352.728,2
118120,352.732,2
118143,352.732,2
118180,352.76,2
118227,352.775,2
118268,352.808,2
118300,352.83,2
118329,352.83,2
118388,352.858,2
118447,352.924,2
118501,352.948,2
118536,353.002,2
118564,353.017,2
118578,353.017,2
118609,353.042,2
118636,353.042,2
118649,353.054,2
118683,353.054,2
118720,353.083,2
118745,353.113,2
118773,353.113,2
118807,353.161,2
118845,353.218,2
118887,353.25,2
118908,353.25,2
118933,353.27,2
118961,353.27,2
118992,353.299,2
119008,353.323,2
119040,353.323,2
119065,353.371,2
119089,353.371,2
119105,353.427,2
119140,353.488,2
119169,353.488,2
119194,353.488,2
119222,353.58,2
119253,353.618,2
119282,353.618,2
119302,353.657,2
119335,353.709,2
119368,353.709,2
119386,353.741,2
119420,353.781,2
119451,353.781,2
119473,353.814,2
119492,353.814,2
119522,353.856,2
119547,353.895,2
119578,353.895,2
119632,353.97,2
119666,353.997,2
119683,353.997,2
119724,354.039,2
119744,354.072,2
119770,354.072,2
119806,354.116,2
119816,354.116,2
119852,354.165,2
119887,354.22,2
119924,354.27,2
119963,354.303,2
119979,354.332,2
120002,354.361,2
120030,354.361,2
120063,354.411,2
120086,354.45,2
120099,354.45,2
120129,354.45,2
120152,354.503,2
120177,354.549,2
120222,354.589,2
120263,354.589,2
120281,354.68,2
120306,354.68,2
120335,354.711,2
120374,354.738,2
120416,354.775,2
120472,354.801,2
120504,354.832,2
120545,354.857,2
120591,354.882,2
120617,354.882,2
120649,354.912,2
120675,354.935,2
120708,354.949,2
120745,354.957,2
120783,354.956,2
120821,354.947,2
120851,354.92,2
120887,354.92,2
120914,354.885,2
120945,354.865,2
120977,354.865,2
121015,354.861,2
121040,354.87,2
121068,354.874,2
121104,354.87,2
121136,354.852,2
121165,354.852,2
121183,354.836,2
121211,354.817,2
121237,354.817,2
121248,354.817,2
121279,354.804,2
121310,354.801,2
121341,354.801,2
121364,354.798,2
121386,354.794,2
121419,354.774,2
121452,354.759,2
121493,354.737,2
121518,354.737,2
121549,354.722,2
121580,354.72,2
121602,354.72,2
121617,354.72,2
121643,354.718,2
121666,354.713,2
121694,354.713,2
121733,354.698,2
121764,354.695,2
121790,354.695,2
121795,354.695,2
121830,354.685,2
121863,354.67,2
121878,354.67,2
121904,354.658,2
121918,354.658,2
121944,354.646,2
121972,354.646,2
122003,354.629,2
122037,354.607,2
122068,354.6,2
122103,354.6,2
122120,354.607,2
122149,354.607,2
122175,354.608,2
122200,354.595,2
122241,354.578,2
122268,354.572,2
122287,354.572,2
122315,354.555,2
122345,354.544,2
122382,354.53,2
122427,354.53,2
122458,354.526,2
122489,354.528,2
122564,354.512,2
122588,354.503,2
122605,354.503,2
122631,354.498,2
122664,354.496,2
122691,354.496,2
122702,354.494,2
122728,354.494,2
122770,354.503,2
122805,354.513,2
122834,354.523,2
122866,354.523,2
122880,354.53,2
122907,354.53,2
122918,354.53,2
122954,354.552,2
122985,354.56,2
123007,354.56,2
123024,354.569,2
123052,354.569,2
123091,354.568,2
123113,354.562,2
123126,354.562,2
123154,354.565,2
123180,354.565,2
123213,354.574,2
123239,354.581,2
123255,354.572,2
123287,354.572,2
123314,354.552,2
123326,354.552,2
123381,354.533,2
123409,354.524,2
123431,354.519,2
123481,354.515,2
123508,354.51,2
123551,354.497,2
123586,354.497,2
123611,354.482,2
123652,354.484,2
123878,354.484,2
123905,354.452,2
123933,354.456,2
123955,354.452,2
123987,354.449,2
124003,354.449,2
124033,354.452,2
124070,354.453,2
124112,354.456,2
124144,354.474,2
124159,354.474,2
124181,354.474,2
124206,354.513,2
124240,354.565,2
124264,354.565,2
124277,354.621,2
124313,354.677,2
124341,354.734,2
124355,354.734,2
124380,354.776,2
124415,354.814,2
124426,354.814,2
124453,354.814,2
124488,354.861,2
124520,354.891,2
124560,354.939,2
124586,354.939,2
124601,354.986,2
124629,354.986,2
124663,355.02,2
124689,355.054,2
124704,355.085,2
124735,355.127,2
124759,355.127,2
124778,355.149,2
124808,355.149,2
124823,355.165,2
124849,355.165,2
124889,355.176,2
124911,355.193,2
124942,355.193,2
124954,355.225,2
124982,355.225,2
125017,355.243,2
125027,355.243,2
125058,355.258,2
125081,355.261,2
125116,355.266,2
125147,355.279,2
125164,355.279,2
125196,355.285,2
125237,355.295,2
125265,355.31,2
125299,355.31,2
125345,355.321,2
125374,355.319,2
125412,355.33,2
125421,355.33,2
125456,355.343,2
125482,355.343,2
125519,355.349,2
125526,355.349,2
125553,355.362,2
125600,355.373,2
125637,355.388,2
125670,355.408,2
125687,355.408,2
125721,355.42,2
125750,355.42,2
125782,355.433,2
125818,355.446,2
125865,355.462,2
125893,355.462,2
125911,355.471,2
125932,355.471,2
125953,355.484,2
125982,355.488,2
126017,355.484,2
126049,355.482,2
126091,355.467,2
126128,355.459,2
126158,355.459,2
126187,355.446,2
126201,355.446,2
126236,355.432,2
126272,355.414,2
126302,355.414,2
126333,355.389,2
126363,355.385,2
126394,355.382,2
126425,355.382,2
126456,355.368,2
126479,355.355,2
126518,355.355,2
126550,355.341,2
126595,355.341,2
126645,355.36,2
126673,355.376,2
126695,355.376,2
126728,355.422,2
126782,355.438,2
126825,355.451,2
126870,355.456,2
126905,355.457,2
126974,355.438,2
127004,355.438,2
127093,355.42,2
127123,355.415,2
127187,355.398,2
127199,355.377,2
127265,355.322,2
127301,355.249,2
127349,355.165,2
127375,355.068,2
127391,355.068,2
127444,354.932,2
127510,354.899,2
127554,354.86,2
127566,354.86,2
127608,354.856,2
127635,354.856,2
127644,354.856,2
127752,354.913,2
127780,354.945,2
127813,354.962,2
127841,354.962,2
127862,354.971,2
127911,354.976,2
127989,355.012,2
128025,355.037,2
128070,355.047,2
128118,355.047,2
128169,355.036,2
128202,355.039,2
128232,355.039,2
128300,355.044,2
128352,355.05,2
128400,355.055,2
128446,355.065,2
128493,355.062,2
128545,355.05,2
128580,355.038,2
128619,355.025,2
128656,355.023,2
128689,355.01,2
128709,355.01,2
128742,354.975,2
128760,354.975,2
128789,354.922,2
128801,354.922,2
128830,354.868,2
128873,354.844,2
128920,354.84,2
128956,354.845,2
129001,354.821,2
129025,354.795,2
129080,354.753,2
129150,354.677,2
129163,354.677,2
129193,354.637,2
129212,354.637,2
129252,354.586,2
129284,354.567,2
129300,354.567,2
129334,354.543,2
129391,354.539,2
129411,354.535,2
129457,354.512,2
129511,354.48,2
129542,354.446,2
129558,354.423,2
129591,354.423,2
129635,354.408,2
129669,354.397,2
129713,354.383,2
129751,354.368,2
129794,354.346,2
129821,354.329,2
129853,354.318,2
129880,354.318,2
129922,354.302,2
129983,354.293,2
130014,354.281,2
130024,354.281,2
130062,354.264,2
130140,354.246,2
130152,354.246,2
130209,354.239,2
130269,354.218,2
130306,354.218,2
130345,354.207,2
130367,354.2,2
130402,354.188,2
130438,354.18,2
130449,354.18,2
130500,354.163,2
130536,354.152,2
130563,354.152,2
130572,354.139,2
130604,354.139,2
130641,354.122,2
130650,354.122,2
130686,354.104,2
130719,354.091,2
130734,354.091,2
130759,354.07,2
130800,354.07,2
130835,354.056,2
130871,354.04,2
130939,354.026,2
130957,354.026,2
130999,354.023,2
131033,354.02,2
131073,354.016,2
131100,354.016,2
131132,354.017,2
131162,354.015,2
131194,354.015,2
131271,353.992,2
140209,356.253,2
140239,356.23,2
140265,356.206,2
140296,356.185,2
140325,356.185,2
140348,356.151,2
140371,356.151,2
140410,356.103,2
140461,356.042,2
140506,355.971,2
140551,355.908,2
140603,355.832,2
140670,355.709,2
140709,355.608,2
140740,355.608,2
140761,355.487,2
140774,355.487,2
140808,355.349,2
140843,355.197,2
140857,355.197,2
140897,355.027,2
140949,354.838,2
140991,354.312,2
141024,354.104,2
141062,353.884,2
141098,353.884,2
141140,353.536,2
141168,353.289,2
141210,352.877,2
141242,352.43,2
141261,352.43,2
141302,351.936,2
141330,351.513,2
141492,349.892,2
141527,349.209,2
141610,348.495,1
141652,347.01,1
141701,345.491,1
141732,345.491,1
141767,344.979,1
141804,344.45,1
141847,343.905,1
141897,343.072,1
141934,342.215,1
141964,341.338,1
142019,340.448,1
142057,339.541,1
142116,337.959,1
142152,337.284,1
142232,336.575,1
142280,334.322,1
142321,333.17,1
142365,332,1
142409,330.797,1
142451,329.57,1
142532,327.925,1
142574,327.107,1
142619,325.88,1
142666,324.626,1
142697,323.338,1
142746,322.026,1
142800,319.373,1
142832,318.459,1
142881,317.528,1
142923,316.129,1
142952,315.196,1
143074,312.436,1
143102,311.083,1
143133,309.743,1
143175,308.845,1
143205,307.473,1
143232,306.548,1
143349,304.175,1
143384,302.791,1
143434,301.471,1
143476,300.213,1
143529,298.166,1
143561,297.328,1
143645,295.249,1
143686,294.067,1
143724,292.928,1
143799,291.819,1
143818,290.7,1
143867,288.849,1
143913,288.129,1
143944,287.069,1
144001,286.376,1
144049,285.347,1
144083,284.322,1
144119,283.304,1
144195,282.301,1
144228,280.308,1
144286,279.982,1
144333,279.023,1
144398,278.406,1
144434,277.503,1
144460,276.634,1
144500,275.816,1
144530,275.067,1
144576,274.429,1
144609,274.045,1
144644,273.485,1
144698,273.136,1
144736,272.803,1
144769,272.339,1
144800,271.907,1
144852,271.494,1
144899,271.074,1
144926,271.074,1
144964,270.327,2
145008,269.852,2
145031,269.535,2
145063,269.226,2
145008,269.852,2
145031,269.535,2
145063,269.226,2
145008,269.852,2
145031,269.535,2
145063,269.226,2
145008,269.852,2
145031,269.535,2
145063,269.226,2
145077,269.226,1
145123,268.79,1
145181,268.38,1
145229,267.702,1
145318,267.318,1
145377,266.57,1
145411,266.309,2
145445,266.058,2
145489,265.73,2
145513,265.73,2
145545,265.465,2
145560,265.465,2
145599,265.245,2
145628,265.056,2
145641,265.056,2
145675,264.686,2
145719,264.552,2
145756,264.427,2
145773,264.427,2
145813,264.325,2
145860,264.211,2
145898,264.125,2
145938,264.055,2
145965,264.008,2
145997,264.008,2
146039,263.943,2
146053,263.943,2
146086,263.971,2
146120,264.016,2
146147,264.061,2
146167,264.061,2
146199,264.112,2
146235,264.112,2
146267,264.117,2
146300,264.114,2
146324,264.154,2
146365,264.154,2
146399,264.328,2
146433,264.398,2
146468,264.398,2
146488,264.461,2
146520,264.525,2
146549,264.625,2
146586,264.625,2
146618,264.714,2
146653,264.81,2
146693,264.9,2
146709,264.9,2
146752,264.982,2
146790,265.089,2
146817,265.089,2
146832,265.126,2
146860,265.126,2
146898,265.151,2
146926,265.182,2
146967,265.217,2
146992,265.217,2
147004,265.25,2
147046,265.274,2
147098,265.275,2
147137,265.252,2
147169,265.238,2
147182,265.229,2
147222,265.229,2
147252,265.222,2
147287,265.215,2
147317,265.199,2
147348,265.199,2
147385,265.182,2
147435,265.166,2
147473,265.153,2
147517,265.15,2
147544,265.143,2
147558,265.143,2
147583,265.143,2
147599,265.13,2
147621,265.13,2
147656,265.117,2
147684,265.114,2
147716,265.114,2
147741,265.125,2
147760,265.156,2
147790,265.156,2
147820,265.2,2
147839,265.23,2
147869,265.271,2
147906,265.312,2
147932,265.312,2
147947,265.34,2
147985,265.379,2
148037,265.408,2
148064,265.408,2
148095,265.428,2
148110,265.428,2
148144,265.461,2
148156,265.461,2
148187,265.505,2
148209,265.505,2
148245,265.556,2
148257,265.556,2
148289,265.628,2
148328,265.641,2
148367,265.662,2
148379,265.662,2
148414,265.682,2
148445,265.717,2
148482,265.717,2
148501,265.752,2
148532,265.784,2
148562,265.784,2
148600,265.805,2
148632,265.85,2
148660,265.85,2
148687,265.867,2
148723,265.885,2
148740,265.885,2
148777,265.906,2
148790,265.906,2
148794,265.906,2
148839,265.937,2
148872,265.962,2
148916,265.975,2
148942,265.976,2
148957,265.976,2
149001,265.979,2
149085,265.996,2
149107,266.004,2
149145,265.994,2
149175,265.989,2
149208,265.987,2
149245,265.987,2
149259,265.983,2
149286,265.983,2
149316,265.972,2
149345,265.962,2
149356,265.962,2
149384,265.952,2
149414,265.952,2
149426,265.952,2
149452,265.943,2
149480,265.935,2
149505,265.935,2
149542,265.926,2
149565,265.917,2
149581,265.917,2
149610,265.91,2
149655,265.906,2
149684,265.906,2
149702,265.908,2
149731,265.908,2
149760,265.913,2
149792,265.921,2
149819,265.926,2
149832,265.926,2
149861,265.924,2
149893,265.911,2
149905,265.911,2
149943,265.882,2
149955,265.882,2
149981,265.834,2
150012,265.818,2
150048,265.818,2
150086,265.832,2
150121,265.857,2
150152,265.867,2
150184,265.867,2
150219,265.792,2
150248,265.761,2
150292,265.741,2
150303,265.741,2
150330,265.728,2
150364,265.728,2
150395,265.735,2
150433,265.737,2
150466,265.738,2
150486,265.738,2
150529,265.753,2
150559,265.753,2
150603,265.766,2
150654,265.765,2
150689,265.734,2
150716,265.734,2
150741,265.684,2
150755,265.684,2
150799,265.649,2
150858,265.639,2
150906,265.623,2
150985,265.603,2
150996,265.603,2
151130,265.62,2
151192,265.58,2
151219,265.58,2
151269,265.578,2
151292,265.579,2
151317,265.579,2
151344,265.57,2
151395,265.557,2
151417,265.539,2
151449,265.539,2
151495,265.535,2
151540,265.53,2
151569,265.53,2
151596,265.531,2
151624,265.531,2
151642,265.524,2
151675,265.524,2
151709,265.511,2
151743,265.49,2
151769,265.474,2
151804,265.474,2
151854,265.479,2
151901,265.479,2
151939,265.495,2
151947,265.495,2
151986,265.495,2
152028,265.486,2
152051,265.465,2
152086,265.465,2
152122,265.451,2
152142,265.437,2
152158,265.437,2
152201,265.44,2
152229,265.444,2
152259,265.444,2
152290,265.439,2
152303,265.439,2
152327,265.439,2
152347,265.439,2
152371,265.439,2
152394,265.439,2
152420,265.439,2
152444,265.439,2
152476,265.421,2
152495,265.421,2
152523,265.411,2
152548,265.411,2
152591,265.388,2
152605,265.363,2
152637,265.363,2
152685,265.327,2
152722,265.303,2
152765,265.301,2
152783,265.301,2
152831,265.316,2
152886,265.346,2
152950,265.355,2
152992,265.356,2
153011,265.367,2
153041,265.367,2
153072,265.396,2
153116,265.396,2
153138,265.427,2
153163,265.448,2
153172,265.448,2
153218,265.472,2
153223,265.472,2
153283,265.501,2
153535,265.632,2
153565,265.676,2
153598,265.681,2
153653,265.685,2
153707,265.686,2
153774,265.698,2
153814,265.707,2
153876,265.69,2
153908,265.643,2
153927,265.591,2
153967,265.591,2
153975,265.591,2
154042,265.579,2
154070,265.558,2
154084,265.558,2
154143,265.507,2
154167,265.472,2
154189,265.463,2
154230,265.463,1
241663,264.082,1
241699,263.279,1
241719,262.439,1
241763,261.531,1
241789,259.531,1
241822,257.617,1
241865,255.656,1
241905,253.67,1
241923,252.67,1
241969,250.679,1
241998,249.681,1
242033,247.681,1
242058,245.675,1
242090,244.682,1
242145,243.704,1
242163,242.742,1
242210,242.803,1
242247,242.803,1
242275,242.834,1
242311,241.849,2
242338,241.867,2
242374,241.867,2
242400,240.88,2
242433,240.901,2
242472,240.901,2
242500,240.959,2
242518,240.959,2
242549,240.977,2
242578,240.998,2
242588,240.998,2
242624,241.034,2
242648,241.034,2
242659,241.065,2
242698,241.065,2
242721,241.111,2
242745,241.172,2
242774,241.172,2
242805,241.266,2
242823,241.266,2
242868,241.479,2
242925,241.628,2
242944,241.728,2
242999,241.882,2
243076,242.127,2
243087,242.127,2
243157,242.365,2
243180,242.365,2
243261,242.658,2
243290,242.688,2
243315,242.688,2
243331,242.688,2
243360,242.779,2
243390,242.844,2
243415,242.844,2
243451,242.94,2
243472,243.023,2
243501,243.023,2
243522,243.095,2
243549,243.095,2
243569,243.15,2
243601,243.15,2
243631,243.213,2
243692,243.217,2
243737,243.188,2
243785,243.019,2
243819,243.019,2
243887,242.693,2
243928,242.388,2
243945,242.06,2
243981,241.731,2
244017,241.62,2
244049,241.62,2
244073,241.285,2
244122,241.053,2
244143,240.682,2
244173,240.682,2
244222,240.283,2
244255,239.881,2
244292,239.494,2
244325,239.125,2
244354,238.886,2
244381,238.652,1
244408,238.652,1
244435,238.306,1
244469,238.073,1
244502,237.692,1
244518,237.692,1
244543,237.692,1
244571,237.266,1
244598,236.811,1
244637,236.341,1
244669,236.341,1
244702,235.863,1
244711,235.863,1
244753,235.369,1
244804,234.653,1
244813,234.653,1
244842,234.052,1
244873,234.052,1
244890,233.382,1
244912,232.911,1
244949,232.911,1
244970,232.176,1
245003,231.413,1
245035,231.413,1
245074,230.626,1
245117,229.818,1
245197,227.869,1
245238,226.991,1
245311,225.455,1
245359,224.514,1
245391,224.514,1
245405,223.578,1
245438,223.578,1
245475,221.735,1
245503,221.735,1
245522,221.735,1
245543,220.522,1
245572,220.522,1
245592,220.522,1
245624,219.332,1
245637,218.758,1
245691,217.925,1
245734,217.397,1
245802,216.652,1
245834,215.958,1
245873,215.317,1
245917,214.721,1
245946,214.198,1
245973,213.904,1
246011,213.656,1
246096,213.198,2
246174,212.814,2
246188,212.814,2
246225,212.683,2
246306,212.626,2
246323,212.747,2
246355,212.878,2
246386,212.878,2
246425,213.17,2
246459,213.422,2
246519,213.873,2
246552,214.374,2
246609,214.905,2
246663,216.082,3
246740,216.917,3
246776,217.564,3
246803,218.012,3
246818,218.012,3
246845,218.717,3
246885,219.476,3
246928,219.476,3
246971,220.292,3
247008,221.102,3
247040,222.162,3
247102,222.641,3
247144,223.592,3
247210,225.542,3
247260,226.571,3
247328,227.428,3
247371,227.784,3
247404,229.289,3
247454,229.976,3
247478,230.938,3
247558,231.568,3
247598,232.556,3
247614,233.548,3
247675,234.545,3
247701,235.478,3
247733,236.539,3
247773,237.051,3
247809,238.102,3
247837,238.894,3
247887,239.389,3
247919,239.835,3
247980,240.47,3
248024,240.765,3
248121,243.305,3
248198,243.648,3
248255,245.828,3
248311,246.455,3
253362,245.839,2
253402,245,501,2
253410,245,234,2
253437,244.552,2
253470,244.254,2
253499,244.254,2
253514,244.395,2
253555,244.481,2
253596,244.594,2
253622,244.594,2
253650,244.677,2
253664,244.677,2
253692,244.728,2
253752,244.739,2
253768,244.739,2
253806,244.698,2
253839,244.657,2
253860,244.657,2
253899,244.575,2
253908,244.504,2
253943,244.504,2
253991,244.383,2
254028,244.227,2
254053,244.072,2
254131,243.689,2
254161,243.544,2
254205,243.398,2
254228,243.398,2
